#
# A fatal error has been detected by the Java Runtime Environment:
#
#  EXCEPTION_ACCESS_VIOLATION (0xc0000005) at pc=0x000000005df9a0a5, pid=2880, tid=0x00000000000041a0
#
# JRE version: Java(TM) SE Runtime Environment (8.0_101-b13) (build 1.8.0_101-b13)
# Java VM: Java HotSpot(TM) 64-Bit Server VM (25.101-b13 mixed mode windows-amd64 compressed oops)
# Problematic frame:
# V  [jvm.dll+0x12a0a5]
#
# Failed to write core dump. Minidumps are not enabled by default on client versions of Windows
#
# If you would like to submit a bug report, please visit:
#   http://bugreport.java.com/bugreport/crash.jsp
#

---------------  T H R E A D  ---------------

Current thread (0x0000000015d12800):  JavaThread "JDWP Transport Listener: dt_socket" daemon [_thread_in_vm, id=16800, stack(0x00000000164d0000,0x00000000165d0000)]

siginfo: ExceptionCode=0xc0000005, reading address 0x0000003b6e6f6974

Registers:
RAX=0x00000000165cf401, RBX=0x0000000015d12800, RCX=0x0000003b6e6f6974, RDX=0x0000000000000000
RSP=0x00000000165cf440, RBP=0x0000003b6e6f6974, RSI=0x00000000165cf558, RDI=0x000000000242bbe0
R8 =0x0000000015d12800, R9 =0x0000000000000000, R10=0x0000000000000000, R11=0x0000000000000064
R12=0x0000000000000000, R13=0x0000000015d1df98, R14=0x0000000000000000, R15=0x0000000000000000
RIP=0x000000005df9a0a5, EFLAGS=0x0000000000010206

Top of Stack: (sp=0x00000000165cf440)
0x00000000165cf440:   0000000015d12800 0000000015d12800
0x00000000165cf450:   00000000165cf508 000000005e1a2f0b
0x00000000165cf460:   0000000015d12800 000000005e1bf76d
0x00000000165cf470:   0000000000000000 000000005dd39155
0x00000000165cf480:   0000000015d30458 000000005dd4291e
0x00000000165cf490:   0000000015d12800 0000000000000000
0x00000000165cf4a0:   0000000000000000 0000000000000000
0x00000000165cf4b0:   0000003b6e6f6974 000000005dd41a15
0x00000000165cf4c0:   00000000165cf558 00000000165cf530
0x00000000165cf4d0:   0000000000000001 0000000015d30458
0x00000000165cf4e0:   0000003b6e6f6974 000000005dd253b3
0x00000000165cf4f0:   00000000165cf620 0000000000000001
0x00000000165cf500:   0000000000000001 0000000015d30458
0x00000000165cf510:   0000000000000009 0000000000000000
0x00000000165cf520:   0000000000000000 0000000000000000
0x00000000165cf530:   0000000000000001 000000005dd25571 

Instructions: (pc=0x000000005df9a0a5)
0x000000005df9a085:   cc cc cc cc cc cc cc cc cc cc cc 48 83 ec 28 48
0x000000005df9a095:   85 c9 75 07 33 c0 48 83 c4 28 c3 48 89 5c 24 20
0x000000005df9a0a5:   48 8b 19 48 85 db 74 20 48 83 fb 37 74 1a 48 8b
0x000000005df9a0b5:   13 48 8b cb ff 52 10 84 c0 74 0d 48 8b c3 48 8b 


Register to memory mapping:

RAX=0x00000000165cf401 is pointing into the stack for thread: 0x0000000015d12800
RBX=0x0000000015d12800 is a thread
RCX=0x0000003b6e6f6974 is an unknown value
RDX=0x0000000000000000 is an unknown value
RSP=0x00000000165cf440 is pointing into the stack for thread: 0x0000000015d12800
RBP=0x0000003b6e6f6974 is an unknown value
RSI=0x00000000165cf558 is pointing into the stack for thread: 0x0000000015d12800
RDI=0x000000000242bbe0 is an unknown value
R8 =0x0000000015d12800 is a thread
R9 =0x0000000000000000 is an unknown value
R10=0x0000000000000000 is an unknown value
R11=0x0000000000000064 is an unknown value
R12=0x0000000000000000 is an unknown value
R13=0x0000000015d1df98 is an unknown value
R14=0x0000000000000000 is an unknown value
R15=0x0000000000000000 is an unknown value


Stack: [0x00000000164d0000,0x00000000165d0000],  sp=0x00000000165cf440,  free space=1021k
Native frames: (J=compiled Java code, j=interpreted, Vv=VM code, C=native code)
V  [jvm.dll+0x12a0a5]
V  [jvm.dll+0x34f76d]
C  [jdwp.dll+0x21a15]
C  [jdwp.dll+0x53b3]
C  [jdwp.dll+0x5571]
C  [jdwp.dll+0xf0a8]
C  [jdwp.dll+0x1f2d5]
C  [jdwp.dll+0x1f4aa]
V  [jvm.dll+0x1bd258]
V  [jvm.dll+0x2451a4]
V  [jvm.dll+0x29c18a]
C  [msvcr100.dll+0x21d9f]
C  [msvcr100.dll+0x21e3b]
C  [KERNEL32.DLL+0x8364]
C  [ntdll.dll+0x65e91]


---------------  P R O C E S S  ---------------

Java Threads: ( => current thread )
  0x0000000017614000 JavaThread "Thread-3" daemon [_thread_blocked, id=15960, stack(0x0000000018e80000,0x0000000018f80000)]
  0x0000000017472800 JavaThread "Thread-1" daemon [_thread_blocked, id=4636, stack(0x0000000018b80000,0x0000000018c80000)]
  0x0000000015dd2000 JavaThread "Service Thread" daemon [_thread_blocked, id=9896, stack(0x0000000016fb0000,0x00000000170b0000)]
  0x0000000015d39000 JavaThread "C1 CompilerThread3" daemon [_thread_blocked, id=6344, stack(0x0000000016eb0000,0x0000000016fb0000)]
  0x0000000015d4b000 JavaThread "C2 CompilerThread2" daemon [_thread_blocked, id=17552, stack(0x0000000016db0000,0x0000000016eb0000)]
  0x0000000015d37000 JavaThread "C2 CompilerThread1" daemon [_thread_blocked, id=6376, stack(0x0000000016cb0000,0x0000000016db0000)]
  0x0000000015d45800 JavaThread "C2 CompilerThread0" daemon [_thread_blocked, id=15984, stack(0x0000000016bb0000,0x0000000016cb0000)]
  0x0000000015d2e000 JavaThread "JDWP Command Reader" daemon [_thread_in_native, id=17896, stack(0x0000000016ab0000,0x0000000016bb0000)]
  0x0000000015d21000 JavaThread "JDWP Event Helper Thread" daemon [_thread_blocked, id=900, stack(0x00000000169b0000,0x0000000016ab0000)]
=>0x0000000015d12800 JavaThread "JDWP Transport Listener: dt_socket" daemon [_thread_in_vm, id=16800, stack(0x00000000164d0000,0x00000000165d0000)]
  0x0000000015d0b000 JavaThread "Attach Listener" daemon [_thread_blocked, id=14576, stack(0x00000000163d0000,0x00000000164d0000)]
  0x0000000015d0a000 JavaThread "Signal Dispatcher" daemon [_thread_blocked, id=12028, stack(0x00000000162d0000,0x00000000163d0000)]
  0x0000000015d00800 JavaThread "Finalizer" daemon [_thread_blocked, id=14780, stack(0x00000000160e0000,0x00000000161e0000)]
  0x000000000262b000 JavaThread "Reference Handler" daemon [_thread_blocked, id=5052, stack(0x0000000015be0000,0x0000000015ce0000)]
  0x0000000002534000 JavaThread "main" [_thread_blocked, id=15788, stack(0x0000000002430000,0x0000000002530000)]

Other Threads:
  0x0000000013de9000 VMThread [stack: 0x0000000015ae0000,0x0000000015be0000] [id=14600]
  0x0000000015dde800 WatcherThread [stack: 0x00000000170b0000,0x00000000171b0000] [id=2456]

VM state:not at safepoint (normal execution)

VM Mutex/Monitor currently owned by a thread: None

Heap:
 PSYoungGen      total 38400K, used 13704K [0x00000000f5580000, 0x00000000f8000000, 0x0000000100000000)
  eden space 33280K, 25% used [0x00000000f5580000,0x00000000f5de39e8,0x00000000f7600000)
  from space 5120K, 99% used [0x00000000f7600000,0x00000000f7afe778,0x00000000f7b00000)
  to   space 5120K, 0% used [0x00000000f7b00000,0x00000000f7b00000,0x00000000f8000000)
 ParOldGen       total 87552K, used 2405K [0x00000000e0000000, 0x00000000e5580000, 0x00000000f5580000)
  object space 87552K, 2% used [0x00000000e0000000,0x00000000e0259568,0x00000000e5580000)
 Metaspace       used 13752K, capacity 13986K, committed 14208K, reserved 1062912K
  class space    used 1580K, capacity 1643K, committed 1664K, reserved 1048576K

Card table byte_map: [0x00000000119f0000,0x0000000011b00000] byte_map_base: 0x00000000112f0000

Marking Bits: (ParMarkBitMap*) 0x000000005e68a6d0
 Begin Bits: [0x0000000012300000, 0x0000000012b00000)
 End Bits:   [0x0000000012b00000, 0x0000000013300000)

Polling page: 0x0000000000ab0000

CodeCache: size=245760Kb used=3663Kb max_used=3674Kb free=242096Kb
 bounds [0x0000000002630000, 0x00000000029d0000, 0x0000000011630000]
 total_blobs=1344 nmethods=970 adapters=295
 compilation: enabled

Compilation events (10 events):
Event: 6721.713 Thread 0x0000000015d4b000  966   !   4       org.apache.http.pool.AbstractConnPool::enumAvailable (107 bytes)
Event: 6721.735 Thread 0x0000000015d4b000 nmethod 966 0x00000000029c4d90 code [0x00000000029c4f40, 0x00000000029c5798]
Event: 13372.243 Thread 0x0000000015d45800  967       4       org.apache.commons.logging.impl.Jdk14Logger::isDebugEnabled (11 bytes)
Event: 13372.248 Thread 0x0000000015d45800 nmethod 967 0x00000000029c4a50 code [0x00000000029c4b80, 0x00000000029c4c38]
Event: 13417.344 Thread 0x0000000015d37000  968       4       java.lang.Thread::isInterrupted (6 bytes)
Event: 13417.346 Thread 0x0000000015d37000 nmethod 968 0x00000000029c67d0 code [0x00000000029c6920, 0x00000000029c69c8]
Event: 13427.247 Thread 0x0000000015d45800  969       4       org.apache.commons.logging.impl.Jdk14Logger::debug (13 bytes)
Event: 13427.251 Thread 0x0000000015d45800 nmethod 969 0x00000000029c6390 code [0x00000000029c64e0, 0x00000000029c65f8]
Event: 13442.347 Thread 0x0000000015d37000  970       4       org.apache.http.impl.conn.PoolingHttpClientConnectionManager::closeExpiredConnections (19 bytes)
Event: 13442.354 Thread 0x0000000015d37000 nmethod 970 0x00000000029c3950 code [0x00000000029c3ac0, 0x00000000029c3ca8]

GC Heap History (2 events):
Event: 1.115 GC heap before
{Heap before GC invocations=1 (full 0):
 PSYoungGen      total 38400K, used 33280K [0x00000000f5580000, 0x00000000f8000000, 0x0000000100000000)
  eden space 33280K, 100% used [0x00000000f5580000,0x00000000f7600000,0x00000000f7600000)
  from space 5120K, 0% used [0x00000000f7b00000,0x00000000f7b00000,0x00000000f8000000)
  to   space 5120K, 0% used [0x00000000f7600000,0x00000000f7600000,0x00000000f7b00000)
 ParOldGen       total 87552K, used 0K [0x00000000e0000000, 0x00000000e5580000, 0x00000000f5580000)
  object space 87552K, 0% used [0x00000000e0000000,0x00000000e0000000,0x00000000e5580000)
 Metaspace       used 11994K, capacity 12158K, committed 12544K, reserved 1060864K
  class space    used 1378K, capacity 1445K, committed 1536K, reserved 1048576K
Event: 1.122 GC heap after
Heap after GC invocations=1 (full 0):
 PSYoungGen      total 38400K, used 5113K [0x00000000f5580000, 0x00000000f8000000, 0x0000000100000000)
  eden space 33280K, 0% used [0x00000000f5580000,0x00000000f5580000,0x00000000f7600000)
  from space 5120K, 99% used [0x00000000f7600000,0x00000000f7afe778,0x00000000f7b00000)
  to   space 5120K, 0% used [0x00000000f7b00000,0x00000000f7b00000,0x00000000f8000000)
 ParOldGen       total 87552K, used 2405K [0x00000000e0000000, 0x00000000e5580000, 0x00000000f5580000)
  object space 87552K, 2% used [0x00000000e0000000,0x00000000e0259568,0x00000000e5580000)
 Metaspace       used 11994K, capacity 12158K, committed 12544K, reserved 1060864K
  class space    used 1378K, capacity 1445K, committed 1536K, reserved 1048576K
}

Deoptimization events (10 events):
Event: 0.359 Thread 0x0000000002534000 Uncommon trap: reason=unstable_if action=reinterpret pc=0x00000000027864ac method=java.lang.String.indexOf([CII[CIII)I @ 123
Event: 0.589 Thread 0x0000000002534000 Uncommon trap: reason=unstable_if action=reinterpret pc=0x00000000027c8aa8 method=java.lang.String.indexOf([CII[CIII)I @ 3
Event: 0.605 Thread 0x0000000002534000 Uncommon trap: reason=unstable_if action=reinterpret pc=0x00000000027f5710 method=sun.misc.MetaIndex.mayContain(Ljava/lang/String;)Z @ 38
Event: 0.640 Thread 0x0000000002534000 Uncommon trap: reason=unstable_if action=reinterpret pc=0x000000000277a4d8 method=java.lang.String.startsWith(Ljava/lang/String;I)Z @ 25
Event: 0.642 Thread 0x0000000002534000 Uncommon trap: reason=unstable_if action=reinterpret pc=0x000000000283d7d4 method=sun.misc.MetaIndex.mayContain(Ljava/lang/String;)Z @ 38
Event: 0.721 Thread 0x0000000002534000 Uncommon trap: reason=unstable_if action=reinterpret pc=0x00000000028591e0 method=java.lang.CharacterDataLatin1.digit(II)I @ 82
Event: 0.922 Thread 0x0000000002534000 Uncommon trap: reason=unstable_if action=reinterpret pc=0x0000000002920884 method=java.lang.String.indexOf([CII[CIII)I @ 134
Event: 1.255 Thread 0x0000000002534000 Uncommon trap: reason=unstable_if action=reinterpret pc=0x00000000029439d8 method=java.util.concurrent.ConcurrentHashMap.putVal(Ljava/lang/Object;Ljava/lang/Object;Z)Ljava/lang/Object; @ 181
Event: 3.345 Thread 0x0000000002534000 Uncommon trap: reason=unstable_if action=reinterpret pc=0x000000000285f6f4 method=java.lang.AbstractStringBuilder.append(Ljava/lang/String;)Ljava/lang/AbstractStringBuilder; @ 1
Event: 3.345 Thread 0x0000000002534000 Uncommon trap: reason=unstable_if action=reinterpret pc=0x000000000281486c method=java.lang.AbstractStringBuilder.append(Ljava/lang/String;)Ljava/lang/AbstractStringBuilder; @ 1

Internal exceptions (10 events):
Event: 0.364 Thread 0x0000000002534000 Exception <a 'java/security/PrivilegedActionException'> (0x00000000f5c60960) thrown at [C:\re\workspace\8-2-build-windows-amd64-cygwin\jdk8u101\7261\hotspot\src\share\vm\prims\jvm.cpp, line 1386]
Event: 0.364 Thread 0x0000000002534000 Exception <a 'java/security/PrivilegedActionException'> (0x00000000f5c60d58) thrown at [C:\re\workspace\8-2-build-windows-amd64-cygwin\jdk8u101\7261\hotspot\src\share\vm\prims\jvm.cpp, line 1386]
Event: 0.365 Thread 0x0000000002534000 Exception <a 'java/security/PrivilegedActionException'> (0x00000000f5c64d70) thrown at [C:\re\workspace\8-2-build-windows-amd64-cygwin\jdk8u101\7261\hotspot\src\share\vm\prims\jvm.cpp, line 1386]
Event: 0.365 Thread 0x0000000002534000 Exception <a 'java/security/PrivilegedActionException'> (0x00000000f5c65168) thrown at [C:\re\workspace\8-2-build-windows-amd64-cygwin\jdk8u101\7261\hotspot\src\share\vm\prims\jvm.cpp, line 1386]
Event: 0.580 Thread 0x0000000002534000 Exception <a 'java/lang/NoClassDefFoundError': org/apache/log4j/Priority> (0x00000000f643abd0) thrown at [C:\re\workspace\8-2-build-windows-amd64-cygwin\jdk8u101\7261\hotspot\src\share\vm\classfile\systemDictionary.cpp, line 199]
Event: 0.696 Thread 0x0000000002534000 Exception <a 'java/lang/NoSuchFieldError': method resolution failed> (0x00000000f66675b0) thrown at [C:\re\workspace\8-2-build-windows-amd64-cygwin\jdk8u101\7261\hotspot\src\share\vm\prims\methodHandles.cpp, line 1146]
Event: 0.702 Thread 0x0000000002534000 Exception <a 'java/lang/NoSuchFieldError': method resolution failed> (0x00000000f6674cf0) thrown at [C:\re\workspace\8-2-build-windows-amd64-cygwin\jdk8u101\7261\hotspot\src\share\vm\prims\methodHandles.cpp, line 1146]
Event: 1.109 Thread 0x0000000002534000 Exception <a 'java/lang/ArrayIndexOutOfBoundsException'> (0x00000000f75d0f40) thrown at [C:\re\workspace\8-2-build-windows-amd64-cygwin\jdk8u101\7261\hotspot\src\share\vm\runtime\sharedRuntime.cpp, line 605]
Event: 3.345 Thread 0x0000000002534000 Implicit null exception at 0x000000000285f259 to 0x000000000285f6d9
Event: 3.345 Thread 0x0000000002534000 Implicit null exception at 0x0000000002814397 to 0x0000000002814855

Events (10 events):
Event: 12545.766 Executing VM operation: RedefineClasses
Event: 12545.779 Executing VM operation: RedefineClasses done
Event: 12557.255 Executing VM operation: RedefineClasses
Event: 12557.265 Executing VM operation: RedefineClasses done
Event: 12751.765 Executing VM operation: RedefineClasses
Event: 12751.778 Executing VM operation: RedefineClasses done
Event: 12900.071 Executing VM operation: RedefineClasses
Event: 12900.084 Executing VM operation: RedefineClasses done
Event: 13029.058 Executing VM operation: RedefineClasses
Event: 13029.066 Executing VM operation: RedefineClasses done


Dynamic libraries:
0x00007ff6cfc60000 - 0x00007ff6cfc97000 	C:\Program Files\Java\jre1.8.0_101\bin\javaw.exe
0x00007ff9250a0000 - 0x00007ff925271000 	C:\WINDOWS\SYSTEM32\ntdll.dll
0x00007ff924e60000 - 0x00007ff924f0b000 	C:\WINDOWS\System32\KERNEL32.DLL
0x00007ff921770000 - 0x00007ff92198d000 	C:\WINDOWS\System32\KERNELBASE.dll
0x00007ff924910000 - 0x00007ff9249b2000 	C:\WINDOWS\System32\ADVAPI32.dll
0x00007ff924810000 - 0x00007ff9248ae000 	C:\WINDOWS\System32\msvcrt.dll
0x00007ff925040000 - 0x00007ff925099000 	C:\WINDOWS\System32\sechost.dll
0x00007ff922cd0000 - 0x00007ff922df1000 	C:\WINDOWS\System32\RPCRT4.dll
0x00007ff9229a0000 - 0x00007ff922b05000 	C:\WINDOWS\System32\USER32.dll
0x00007ff922110000 - 0x00007ff92212e000 	C:\WINDOWS\System32\win32u.dll
0x00007ff924e20000 - 0x00007ff924e54000 	C:\WINDOWS\System32\GDI32.dll
0x00007ff921590000 - 0x00007ff921712000 	C:\WINDOWS\System32\gdi32full.dll
0x00007ff918f00000 - 0x00007ff919179000 	C:\WINDOWS\WinSxS\amd64_microsoft.windows.common-controls_6595b64144ccf1df_6.0.14393.0_none_2d0f50fcbdb171b8\COMCTL32.dll
0x00007ff924430000 - 0x00007ff9246f7000 	C:\WINDOWS\System32\combase.dll
0x00007ff9224d0000 - 0x00007ff9225c5000 	C:\WINDOWS\System32\ucrtbase.dll
0x00007ff9221e0000 - 0x00007ff92224a000 	C:\WINDOWS\System32\bcryptPrimitives.dll
0x00007ff924df0000 - 0x00007ff924e1e000 	C:\WINDOWS\System32\IMM32.DLL
0x000000005dd60000 - 0x000000005de32000 	C:\Program Files\Java\jre1.8.0_101\bin\msvcr100.dll
0x000000005de70000 - 0x000000005e70a000 	C:\Program Files\Java\jre1.8.0_101\bin\server\jvm.dll
0x00007ff922c50000 - 0x00007ff922c58000 	C:\WINDOWS\System32\PSAPI.DLL
0x00007ff91df60000 - 0x00007ff91df69000 	C:\WINDOWS\SYSTEM32\WSOCK32.dll
0x00007ff91cea0000 - 0x00007ff91ceaa000 	C:\WINDOWS\SYSTEM32\VERSION.dll
0x00007ff91f9c0000 - 0x00007ff91f9e3000 	C:\WINDOWS\SYSTEM32\WINMM.dll
0x00007ff922c60000 - 0x00007ff922cca000 	C:\WINDOWS\System32\WS2_32.dll
0x0000000000b60000 - 0x0000000000b8b000 	C:\WINDOWS\SYSTEM32\WINMMBASE.dll
0x00007ff921720000 - 0x00007ff921762000 	C:\WINDOWS\System32\cfgmgr32.dll
0x000000005e7d0000 - 0x000000005e7df000 	C:\Program Files\Java\jre1.8.0_101\bin\verify.dll
0x000000005e7a0000 - 0x000000005e7c9000 	C:\Program Files\Java\jre1.8.0_101\bin\java.dll
0x000000005dd20000 - 0x000000005dd55000 	C:\Program Files\Java\jre1.8.0_101\bin\jdwp.dll
0x000000005dd10000 - 0x000000005dd18000 	C:\Program Files\Java\jre1.8.0_101\bin\npt.dll
0x000000005e780000 - 0x000000005e796000 	C:\Program Files\Java\jre1.8.0_101\bin\zip.dll
0x00007ff922e60000 - 0x00007ff924368000 	C:\WINDOWS\System32\SHELL32.dll
0x00007ff921990000 - 0x00007ff92206a000 	C:\WINDOWS\System32\windows.storage.dll
0x00007ff921540000 - 0x00007ff92158c000 	C:\WINDOWS\System32\powrprof.dll
0x00007ff922e00000 - 0x00007ff922e52000 	C:\WINDOWS\System32\shlwapi.dll
0x00007ff921530000 - 0x00007ff92153f000 	C:\WINDOWS\System32\kernel.appcore.dll
0x00007ff922130000 - 0x00007ff9221d9000 	C:\WINDOWS\System32\shcore.dll
0x00007ff921510000 - 0x00007ff921524000 	C:\WINDOWS\System32\profapi.dll
0x000000005dd00000 - 0x000000005dd09000 	C:\Program Files\Java\jre1.8.0_101\bin\dt_socket.dll
0x00007ff907b30000 - 0x00007ff907b46000 	C:\WINDOWS\system32\napinsp.dll
0x00007ff907b10000 - 0x00007ff907b2a000 	C:\WINDOWS\system32\pnrpnsp.dll
0x00007ff9194a0000 - 0x00007ff9194b8000 	C:\WINDOWS\system32\NLAapi.dll
0x00007ff920c50000 - 0x00007ff920cac000 	C:\WINDOWS\System32\mswsock.dll
0x00007ff920a30000 - 0x00007ff920ad0000 	C:\WINDOWS\SYSTEM32\DNSAPI.dll
0x00007ff924f10000 - 0x00007ff924f18000 	C:\WINDOWS\System32\NSI.dll
0x00007ff9209e0000 - 0x00007ff920a18000 	C:\WINDOWS\SYSTEM32\IPHLPAPI.DLL
0x00007ff90a450000 - 0x00007ff90a45e000 	C:\WINDOWS\System32\winrnr.dll
0x00007ff9084c0000 - 0x00007ff9084d5000 	C:\WINDOWS\System32\wshbth.dll
0x00000000604f0000 - 0x0000000060516000 	C:\Program Files\Bonjour\mdnsNSP.dll
0x00007ff916dc0000 - 0x00007ff916e2a000 	C:\WINDOWS\System32\fwpuclnt.dll
0x00007ff921440000 - 0x00007ff92146b000 	C:\WINDOWS\SYSTEM32\bcrypt.dll
0x00007ff912360000 - 0x00007ff91236a000 	C:\Windows\System32\rasadhlp.dll
0x000000005de40000 - 0x000000005de64000 	C:\Program Files\Java\jre1.8.0_101\bin\sunec.dll
0x00007ff920f70000 - 0x00007ff920f87000 	C:\WINDOWS\SYSTEM32\CRYPTSP.dll
0x00007ff920e50000 - 0x00007ff920e83000 	C:\WINDOWS\system32\rsaenh.dll
0x00007ff920ae0000 - 0x00007ff920aff000 	C:\WINDOWS\SYSTEM32\USERENV.dll
0x00007ff920f90000 - 0x00007ff920f9b000 	C:\WINDOWS\SYSTEM32\CRYPTBASE.dll
0x000000005e760000 - 0x000000005e77a000 	C:\Program Files\Java\jre1.8.0_101\bin\net.dll
0x00007ff917320000 - 0x00007ff917336000 	C:\WINDOWS\SYSTEM32\dhcpcsvc6.DLL
0x00007ff917d00000 - 0x00007ff917d1a000 	C:\WINDOWS\SYSTEM32\dhcpcsvc.DLL
0x000000005e740000 - 0x000000005e751000 	C:\Program Files\Java\jre1.8.0_101\bin\nio.dll
0x00007ff91dda0000 - 0x00007ff91df32000 	C:\WINDOWS\SYSTEM32\dbghelp.dll

VM Arguments:
jvm_args: -agentlib:jdwp=transport=dt_socket,suspend=y,address=localhost:7146 -Dfile.encoding=Cp1252 -Xmx512M 
java_command: csula.cs4660.quizes.App
java_class_path (initial): D:\Project\CS4660\cs4660\bin;C:\Users\krish\.gradle\caches\modules-2\files-2.1\com.fasterxml.jackson.core\jackson-annotations\2.8.0\45b426f7796b741035581a176744d91090e2e6fb\jackson-annotations-2.8.0.jar;C:\Users\krish\.gradle\caches\modules-2\files-2.1\com.fasterxml.jackson.core\jackson-core\2.8.3\5e1dc37c96308851c3ff609c250dc849c4b12022\jackson-core-2.8.3.jar;C:\Users\krish\.gradle\caches\modules-2\files-2.1\com.fasterxml.jackson.core\jackson-databind\2.8.3\cea3788c72271d45676ce32c0665991674b24cc5\jackson-databind-2.8.3.jar;C:\Users\krish\.gradle\caches\modules-2\files-2.1\com.google.guava\guava\19.0\6ce200f6b23222af3d8abb6b6459e6c44f4bb0e9\guava-19.0.jar;C:\Users\krish\.gradle\caches\modules-2\files-2.1\com.mashape.unirest\unirest-java\1.4.9\778cffcba803dc7d43932266aef4c91f5b6b4dd0\unirest-java-1.4.9.jar;C:\Users\krish\.gradle\caches\modules-2\files-2.1\commons-codec\commons-codec\1.9\9ce04e34240f674bc72680f8b843b1457383161a\commons-codec-1.9.jar;C:\Users\krish\.gradle\caches\modules-2\files-2.1\commons-logging\commons-logging\1.2\4bfc12adfe4842bf07b657f0369c4cb522955686\commons-logging-1.2.jar;C:\Users\krish\.gradle\caches\modules-2\files-2.1\junit\junit\4.11\4e031bb61df09069aeb2bffb4019e7a5034a4ee0\junit-4.11.jar;C:\Users\krish\.gradle\caches\modules-2\files-2.1\org.apache.httpcomponents\httpasyncclient\4.1.1\dd624f5a0ff43eb5cdf828d9739d3177ee00a5a9\httpasyncclient-4.1.1.jar;C:\Users\krish\.gradle\caches\modules-2\files-2.1\org.apache.httpcomponents\httpclient\4.5.2\733db77aa8d9b2d68015189df76ab06304406e50\httpclient-4.5.2.jar;C:\Users\krish\.gradle\caches\modules-2\files-2.1\org.apache.httpcomponents\httpcore-nio\4.4.4\16badfc2d99db264c486ba8c57ae577301a58bd9\httpcore-nio-4.4.4.jar;C:\Users\krish\.gradle\caches\modules-2\files-2.1\org.apache.httpcomponents\httpcore\4.4.4\b31526a230871fbe285fbcbe2813f9c0839ae9b0\httpcore-4.4.4.jar;C:\Users\krish\.gradle\caches\modules-2\files-2.1\org.apache.httpcomponents\httpmime\4.5.2\22b4c53dd9b67
Launcher Type: SUN_STANDARD

Environment Variables:
JAVA_HOME=C:\Program Files\Java\jdk1.8.0_77
_JAVA_OPTIONS=-Xmx512M
PATH=C:/Program Files/Java/jre1.8.0_101/bin/server;C:/Program Files/Java/jre1.8.0_101/bin;C:/Program Files/Java/jre1.8.0_101/lib/amd64;C:\ProgramData\Oracle\Java\javapath;C:\Program Files (x86)\Intel\iCLS Client\;C:\Program Files\Intel\iCLS Client\;C:\Windows\system32;C:\Windows;C:\Windows\System32\Wbem;C:\Windows\System32\WindowsPowerShell\v1.0\;C:\Program Files (x86)\Intel\Intel(R) Management Engine Components\DAL;C:\Program Files\Intel\Intel(R) Management Engine Components\DAL;C:\Program Files (x86)\Intel\Intel(R) Management Engine Components\IPT;C:\Program Files\Intel\Intel(R) Management Engine Components\IPT;C:\Program Files (x86)\NVIDIA Corporation\PhysX\Common;C:\WINDOWS\system32;C:\WINDOWS;C:\WINDOWS\System32\Wbem;C:\WINDOWS\System32\WindowsPowerShell\v1.0\;C:\Program Files (x86)\Skype\Phone\;GRADLE_HOME\bin;C:\Program Files\gradle-2.12\bin;C:\Program Files\MongoDB\Server\3.2\bin;C:\Program Files\Java\jdk1.8.0_77\bin;C:\Program Files (x86)\mingw-w64\i686-5.3.0-posix-dwarf-rt_v4-rev0\mingw32\bin;C:\Program Files\elasticsearch-2.3.2\bin;C:\Program Files\kibana-4.5.0-windows\bin;C:\Users\krish\AppData\Roaming\Microsoft\Windows\Start Menu\Programs\;C:\Program Files\Intel\WiFi\bin\;C:\Program Files\Common Files\Intel\WirelessCommon\;C:\Program Files (x86)\GtkSharp\2.12\bin;D:\Anaconda;D:\Anaconda\Scripts;D:\Anaconda\Library\bin;;C:\Program Files\Docker Toolbox;C:\Program Files (x86)\Nmap;C:\Users\krish\AppData\Local\Microsoft\WindowsApps;D:\eclipse;
USERNAME=krish
OS=Windows_NT
PROCESSOR_IDENTIFIER=Intel64 Family 6 Model 94 Stepping 3, GenuineIntel



---------------  S Y S T E M  ---------------

OS: Windows 10.0 , 64 bit Build 14393 (10.0.14393.0)

CPU:total 8 (4 cores per cpu, 2 threads per core) family 6 model 94 stepping 3, cmov, cx8, fxsr, mmx, sse, sse2, sse3, ssse3, sse4.1, sse4.2, popcnt, avx, avx2, aes, clmul, erms, rtm, 3dnowpref, lzcnt, ht, tsc, tscinvbit, bmi1, bmi2, adx

Memory: 4k page, physical 8258516k(3188748k free), swap 11446916k(2711868k free)

vm_info: Java HotSpot(TM) 64-Bit Server VM (25.101-b13) for windows-amd64 JRE (1.8.0_101-b13), built on Jun 22 2016 01:21:29 by "java_re" with MS VC++ 10.0 (VS2010)

time: Sun Oct 16 16:50:59 2016
elapsed time: 13500 seconds (0d 3h 45m 0s)

