#
# A fatal error has been detected by the Java Runtime Environment:
#
#  EXCEPTION_ACCESS_VIOLATION (0xc0000005) at pc=0x000000005df9a0a5, pid=9640, tid=0x0000000000003654
#
# JRE version: Java(TM) SE Runtime Environment (8.0_101-b13) (build 1.8.0_101-b13)
# Java VM: Java HotSpot(TM) 64-Bit Server VM (25.101-b13 mixed mode windows-amd64 compressed oops)
# Problematic frame:
# V  [jvm.dll+0x12a0a5]
#
# Failed to write core dump. Minidumps are not enabled by default on client versions of Windows
#
# If you would like to submit a bug report, please visit:
#   http://bugreport.java.com/bugreport/crash.jsp
#

---------------  T H R E A D  ---------------

Current thread (0x0000000015b92800):  JavaThread "JDWP Transport Listener: dt_socket" daemon [_thread_in_vm, id=13908, stack(0x00000000166e0000,0x00000000167e0000)]

siginfo: ExceptionCode=0xc0000005, reading address 0x00003b6500000008

Registers:
RAX=0x00000000167df101, RBX=0x0000000015b92800, RCX=0x00003b6500000008, RDX=0x0000000000000000
RSP=0x00000000167df120, RBP=0x00003b6500000008, RSI=0x00000000167df238, RDI=0x00000000023bbbe0
R8 =0x0000000015b92800, R9 =0x0000000000000000, R10=0x0000000000000000, R11=0x0000000000000064
R12=0x0000000000000000, R13=0x0000000015b9df98, R14=0x0000000000000000, R15=0x0000000000000000
RIP=0x000000005df9a0a5, EFLAGS=0x0000000000010202

Top of Stack: (sp=0x00000000167df120)
0x00000000167df120:   0000000015b92800 0000000015b92800
0x00000000167df130:   00000000167df1e8 000000005e1a2f0b
0x00000000167df140:   0000000015b92800 000000005e1bf76d
0x00000000167df150:   0000000000000000 000000005dd39155
0x00000000167df160:   0000000015bb4078 000000005dd4291e
0x00000000167df170:   0000000015b92800 0000000000000000
0x00000000167df180:   0000000000000000 0000000000000000
0x00000000167df190:   00003b6500000008 000000005dd41a15
0x00000000167df1a0:   00000000167df238 00000000167df210
0x00000000167df1b0:   0000000000000001 0000000015bb4078
0x00000000167df1c0:   00003b6500000008 000000005dd253b3
0x00000000167df1d0:   00000000167df300 0000000000000001
0x00000000167df1e0:   0000000000000001 0000000015bb4078
0x00000000167df1f0:   0000000000000009 0000000000000000
0x00000000167df200:   0000000000000000 0000000000000000
0x00000000167df210:   0000000000000001 000000005dd25571 

Instructions: (pc=0x000000005df9a0a5)
0x000000005df9a085:   cc cc cc cc cc cc cc cc cc cc cc 48 83 ec 28 48
0x000000005df9a095:   85 c9 75 07 33 c0 48 83 c4 28 c3 48 89 5c 24 20
0x000000005df9a0a5:   48 8b 19 48 85 db 74 20 48 83 fb 37 74 1a 48 8b
0x000000005df9a0b5:   13 48 8b cb ff 52 10 84 c0 74 0d 48 8b c3 48 8b 


Register to memory mapping:

RAX=0x00000000167df101 is pointing into the stack for thread: 0x0000000015b92800
RBX=0x0000000015b92800 is a thread
RCX=0x00003b6500000008 is an unknown value
RDX=0x0000000000000000 is an unknown value
RSP=0x00000000167df120 is pointing into the stack for thread: 0x0000000015b92800
RBP=0x00003b6500000008 is an unknown value
RSI=0x00000000167df238 is pointing into the stack for thread: 0x0000000015b92800
RDI=0x00000000023bbbe0 is an unknown value
R8 =0x0000000015b92800 is a thread
R9 =0x0000000000000000 is an unknown value
R10=0x0000000000000000 is an unknown value
R11=0x0000000000000064 is an unknown value
R12=0x0000000000000000 is an unknown value
R13=0x0000000015b9df98 is an unknown value
R14=0x0000000000000000 is an unknown value
R15=0x0000000000000000 is an unknown value


Stack: [0x00000000166e0000,0x00000000167e0000],  sp=0x00000000167df120,  free space=1020k
Native frames: (J=compiled Java code, j=interpreted, Vv=VM code, C=native code)
V  [jvm.dll+0x12a0a5]
V  [jvm.dll+0x34f76d]
C  [jdwp.dll+0x21a15]
C  [jdwp.dll+0x53b3]
C  [jdwp.dll+0x5571]
C  [jdwp.dll+0xf0a8]
C  [jdwp.dll+0x1f2d5]
C  [jdwp.dll+0x1f4aa]
V  [jvm.dll+0x1bd258]
V  [jvm.dll+0x2451a4]
V  [jvm.dll+0x29c18a]
C  [msvcr100.dll+0x21d9f]
C  [msvcr100.dll+0x21e3b]
C  [KERNEL32.DLL+0x8364]
C  [ntdll.dll+0x65e91]


---------------  P R O C E S S  ---------------

Java Threads: ( => current thread )
  0x000000001744f800 JavaThread "Thread-3" daemon [_thread_blocked, id=13676, stack(0x0000000018cb0000,0x0000000018db0000)]
  0x0000000017292000 JavaThread "Thread-1" daemon [_thread_blocked, id=17828, stack(0x00000000189b0000,0x0000000018ab0000)]
  0x0000000015bb0800 JavaThread "Service Thread" daemon [_thread_blocked, id=12828, stack(0x0000000016de0000,0x0000000016ee0000)]
  0x0000000015bca000 JavaThread "C1 CompilerThread3" daemon [_thread_blocked, id=4812, stack(0x0000000016ce0000,0x0000000016de0000)]
  0x0000000015bc9800 JavaThread "C2 CompilerThread2" daemon [_thread_blocked, id=7828, stack(0x0000000016be0000,0x0000000016ce0000)]
  0x0000000015bc4800 JavaThread "C2 CompilerThread1" daemon [_thread_blocked, id=6980, stack(0x0000000016ae0000,0x0000000016be0000)]
  0x0000000015bbf000 JavaThread "C2 CompilerThread0" daemon [_thread_blocked, id=15280, stack(0x00000000169e0000,0x0000000016ae0000)]
  0x0000000015bae000 JavaThread "JDWP Command Reader" daemon [_thread_in_native, id=4332, stack(0x00000000168e0000,0x00000000169e0000)]
  0x0000000015ba1000 JavaThread "JDWP Event Helper Thread" daemon [_thread_blocked, id=3560, stack(0x00000000167e0000,0x00000000168e0000)]
=>0x0000000015b92800 JavaThread "JDWP Transport Listener: dt_socket" daemon [_thread_in_vm, id=13908, stack(0x00000000166e0000,0x00000000167e0000)]
  0x0000000015b8b000 JavaThread "Attach Listener" daemon [_thread_blocked, id=2360, stack(0x0000000016250000,0x0000000016350000)]
  0x0000000015b8a000 JavaThread "Signal Dispatcher" daemon [_thread_blocked, id=17292, stack(0x0000000016150000,0x0000000016250000)]
  0x0000000015b80800 JavaThread "Finalizer" daemon [_thread_blocked, id=10052, stack(0x0000000015f60000,0x0000000016060000)]
  0x00000000024bb000 JavaThread "Reference Handler" daemon [_thread_blocked, id=16472, stack(0x0000000015a60000,0x0000000015b60000)]
  0x00000000023c4000 JavaThread "main" [_thread_blocked, id=14644, stack(0x0000000002250000,0x0000000002350000)]

Other Threads:
  0x0000000013c79000 VMThread [stack: 0x0000000015960000,0x0000000015a60000] [id=14832]
  0x0000000015c85000 WatcherThread [stack: 0x0000000016ee0000,0x0000000016fe0000] [id=652]

VM state:not at safepoint (normal execution)

VM Mutex/Monitor currently owned by a thread: None

Heap:
 PSYoungGen      total 38400K, used 13029K [0x00000000f5580000, 0x00000000f8000000, 0x0000000100000000)
  eden space 33280K, 23% used [0x00000000f5580000,0x00000000f5d3f1e0,0x00000000f7600000)
  from space 5120K, 99% used [0x00000000f7600000,0x00000000f7afa220,0x00000000f7b00000)
  to   space 5120K, 0% used [0x00000000f7b00000,0x00000000f7b00000,0x00000000f8000000)
 ParOldGen       total 87552K, used 2404K [0x00000000e0000000, 0x00000000e5580000, 0x00000000f5580000)
  object space 87552K, 2% used [0x00000000e0000000,0x00000000e0259040,0x00000000e5580000)
 Metaspace       used 13747K, capacity 13978K, committed 14208K, reserved 1062912K
  class space    used 1580K, capacity 1643K, committed 1664K, reserved 1048576K

Card table byte_map: [0x0000000011880000,0x0000000011990000] byte_map_base: 0x0000000011180000

Marking Bits: (ParMarkBitMap*) 0x000000005e68a6d0
 Begin Bits: [0x0000000012190000, 0x0000000012990000)
 End Bits:   [0x0000000012990000, 0x0000000013190000)

Polling page: 0x00000000005b0000

CodeCache: size=245760Kb used=3682Kb max_used=3695Kb free=242077Kb
 bounds [0x00000000024c0000, 0x0000000002860000, 0x00000000114c0000]
 total_blobs=1340 nmethods=966 adapters=295
 compilation: enabled

Compilation events (10 events):
Event: 6561.776 Thread 0x0000000015bc9800  962       4       java.util.HashMap$HashIterator::<init> (79 bytes)
Event: 6561.779 Thread 0x0000000015bc9800 nmethod 962 0x0000000002859cd0 code [0x0000000002859e00, 0x0000000002859ef8]
Event: 6681.828 Thread 0x0000000015bc4800  963       4       java.util.HashMap::entrySet (27 bytes)
Event: 6681.830 Thread 0x0000000015bc4800 nmethod 963 0x0000000002859a90 code [0x0000000002859bc0, 0x0000000002859c38]
Event: 6706.788 Thread 0x0000000015bc9800  964       4       java.util.concurrent.locks.ReentrantLock$NonfairSync::lock (25 bytes)
Event: 6706.791 Thread 0x0000000015bc9800 nmethod 964 0x0000000002859810 code [0x0000000002859940, 0x00000000028599f8]
Event: 6721.790 Thread 0x0000000015bc9800  965       4       java.util.LinkedList$ListItr::<init> (47 bytes)
Event: 6721.791 Thread 0x0000000015bc9800 nmethod 965 0x0000000002859510 code [0x0000000002859640, 0x0000000002859718]
Event: 6721.831 Thread 0x0000000015bbf000  966   !   4       org.apache.http.pool.AbstractConnPool::enumAvailable (107 bytes)
Event: 6721.855 Thread 0x0000000015bbf000 nmethod 966 0x000000000285a310 code [0x000000000285a4c0, 0x000000000285ad18]

GC Heap History (2 events):
Event: 1.252 GC heap before
{Heap before GC invocations=1 (full 0):
 PSYoungGen      total 38400K, used 33280K [0x00000000f5580000, 0x00000000f8000000, 0x0000000100000000)
  eden space 33280K, 100% used [0x00000000f5580000,0x00000000f7600000,0x00000000f7600000)
  from space 5120K, 0% used [0x00000000f7b00000,0x00000000f7b00000,0x00000000f8000000)
  to   space 5120K, 0% used [0x00000000f7600000,0x00000000f7600000,0x00000000f7b00000)
 ParOldGen       total 87552K, used 0K [0x00000000e0000000, 0x00000000e5580000, 0x00000000f5580000)
  object space 87552K, 0% used [0x00000000e0000000,0x00000000e0000000,0x00000000e5580000)
 Metaspace       used 11995K, capacity 12150K, committed 12544K, reserved 1060864K
  class space    used 1379K, capacity 1445K, committed 1536K, reserved 1048576K
Event: 1.259 GC heap after
Heap after GC invocations=1 (full 0):
 PSYoungGen      total 38400K, used 5096K [0x00000000f5580000, 0x00000000f8000000, 0x0000000100000000)
  eden space 33280K, 0% used [0x00000000f5580000,0x00000000f5580000,0x00000000f7600000)
  from space 5120K, 99% used [0x00000000f7600000,0x00000000f7afa220,0x00000000f7b00000)
  to   space 5120K, 0% used [0x00000000f7b00000,0x00000000f7b00000,0x00000000f8000000)
 ParOldGen       total 87552K, used 2404K [0x00000000e0000000, 0x00000000e5580000, 0x00000000f5580000)
  object space 87552K, 2% used [0x00000000e0000000,0x00000000e0259040,0x00000000e5580000)
 Metaspace       used 11995K, capacity 12150K, committed 12544K, reserved 1060864K
  class space    used 1379K, capacity 1445K, committed 1536K, reserved 1048576K
}

Deoptimization events (7 events):
Event: 0.482 Thread 0x00000000023c4000 Uncommon trap: reason=unstable_if action=reinterpret pc=0x00000000026156ac method=java.lang.String.indexOf([CII[CIII)I @ 123
Event: 0.719 Thread 0x00000000023c4000 Uncommon trap: reason=unstable_if action=reinterpret pc=0x0000000002659aa8 method=java.lang.String.indexOf([CII[CIII)I @ 3
Event: 0.736 Thread 0x00000000023c4000 Uncommon trap: reason=unstable_if action=reinterpret pc=0x0000000002687250 method=sun.misc.MetaIndex.mayContain(Ljava/lang/String;)Z @ 38
Event: 0.771 Thread 0x00000000023c4000 Uncommon trap: reason=unstable_if action=reinterpret pc=0x0000000002609a18 method=java.lang.String.startsWith(Ljava/lang/String;I)Z @ 25
Event: 0.774 Thread 0x00000000023c4000 Uncommon trap: reason=unstable_if action=reinterpret pc=0x00000000026c7f14 method=sun.misc.MetaIndex.mayContain(Ljava/lang/String;)Z @ 38
Event: 0.857 Thread 0x00000000023c4000 Uncommon trap: reason=unstable_if action=reinterpret pc=0x00000000026dd5ec method=java.lang.CharacterDataLatin1.digit(II)I @ 82
Event: 1.388 Thread 0x00000000023c4000 Uncommon trap: reason=unstable_if action=reinterpret pc=0x00000000027e80c8 method=java.util.concurrent.ConcurrentHashMap.putVal(Ljava/lang/Object;Ljava/lang/Object;Z)Ljava/lang/Object; @ 181

Internal exceptions (10 events):
Event: 0.031 Thread 0x00000000023c4000 Exception <a 'java/lang/NoSuchMethodError': Method sun.misc.Unsafe.defineClass(Ljava/lang/String;[BII)Ljava/lang/Class; name or signature does not match> (0x00000000f5587cc0) thrown at [C:\re\workspace\8-2-build-windows-amd64-cygwin\jdk8u101\7261\hotspot\s¡û?Ñsü?
Event: 0.031 Thread 0x00000000023c4000 Exception <a 'java/lang/NoSuchMethodError': Method sun.misc.Unsafe.prefetchRead(Ljava/lang/Object;J)V name or signature does not match> (0x00000000f5587fa8) thrown at [C:\re\workspace\8-2-build-windows-amd64-cygwin\jdk8u101\7261\hotspot\src\share\vm\prims\∞-Bç3Jﬂ?
Event: 0.489 Thread 0x00000000023c4000 Exception <a 'java/security/PrivilegedActionException'> (0x00000000f5c60960) thrown at [C:\re\workspace\8-2-build-windows-amd64-cygwin\jdk8u101\7261\hotspot\src\share\vm\prims\jvm.cpp, line 1386]
Event: 0.489 Thread 0x00000000023c4000 Exception <a 'java/security/PrivilegedActionException'> (0x00000000f5c60d58) thrown at [C:\re\workspace\8-2-build-windows-amd64-cygwin\jdk8u101\7261\hotspot\src\share\vm\prims\jvm.cpp, line 1386]
Event: 0.490 Thread 0x00000000023c4000 Exception <a 'java/security/PrivilegedActionException'> (0x00000000f5c64d70) thrown at [C:\re\workspace\8-2-build-windows-amd64-cygwin\jdk8u101\7261\hotspot\src\share\vm\prims\jvm.cpp, line 1386]
Event: 0.490 Thread 0x00000000023c4000 Exception <a 'java/security/PrivilegedActionException'> (0x00000000f5c65168) thrown at [C:\re\workspace\8-2-build-windows-amd64-cygwin\jdk8u101\7261\hotspot\src\share\vm\prims\jvm.cpp, line 1386]
Event: 0.708 Thread 0x00000000023c4000 Exception <a 'java/lang/NoClassDefFoundError': org/apache/log4j/Priority> (0x00000000f643ab00) thrown at [C:\re\workspace\8-2-build-windows-amd64-cygwin\jdk8u101\7261\hotspot\src\share\vm\classfile\systemDictionary.cpp, line 199]
Event: 0.834 Thread 0x00000000023c4000 Exception <a 'java/lang/NoSuchFieldError': method resolution failed> (0x00000000f6667478) thrown at [C:\re\workspace\8-2-build-windows-amd64-cygwin\jdk8u101\7261\hotspot\src\share\vm\prims\methodHandles.cpp, line 1146]
Event: 0.838 Thread 0x00000000023c4000 Exception <a 'java/lang/NoSuchFieldError': method resolution failed> (0x00000000f6674bb8) thrown at [C:\re\workspace\8-2-build-windows-amd64-cygwin\jdk8u101\7261\hotspot\src\share\vm\prims\methodHandles.cpp, line 1146]
Event: 1.246 Thread 0x00000000023c4000 Exception <a 'java/lang/ArrayIndexOutOfBoundsException'> (0x00000000f75d0ed8) thrown at [C:\re\workspace\8-2-build-windows-amd64-cygwin\jdk8u101\7261\hotspot\src\share\vm\runtime\sharedRuntime.cpp, line 605]

Events (10 events):
Event: 12374.868 Executing VM operation: RedefineClasses
Event: 12374.881 Executing VM operation: RedefineClasses done
Event: 12386.413 Executing VM operation: RedefineClasses
Event: 12386.425 Executing VM operation: RedefineClasses done
Event: 12580.865 Executing VM operation: RedefineClasses
Event: 12580.878 Executing VM operation: RedefineClasses done
Event: 12729.229 Executing VM operation: RedefineClasses
Event: 12729.242 Executing VM operation: RedefineClasses done
Event: 12858.145 Executing VM operation: RedefineClasses
Event: 12858.151 Executing VM operation: RedefineClasses done


Dynamic libraries:
0x00007ff6cfc60000 - 0x00007ff6cfc97000 	C:\Program Files\Java\jre1.8.0_101\bin\javaw.exe
0x00007ff9250a0000 - 0x00007ff925271000 	C:\WINDOWS\SYSTEM32\ntdll.dll
0x00007ff924e60000 - 0x00007ff924f0b000 	C:\WINDOWS\System32\KERNEL32.DLL
0x00007ff921770000 - 0x00007ff92198d000 	C:\WINDOWS\System32\KERNELBASE.dll
0x00007ff924910000 - 0x00007ff9249b2000 	C:\WINDOWS\System32\ADVAPI32.dll
0x00007ff924810000 - 0x00007ff9248ae000 	C:\WINDOWS\System32\msvcrt.dll
0x00007ff925040000 - 0x00007ff925099000 	C:\WINDOWS\System32\sechost.dll
0x00007ff922cd0000 - 0x00007ff922df1000 	C:\WINDOWS\System32\RPCRT4.dll
0x00007ff9229a0000 - 0x00007ff922b05000 	C:\WINDOWS\System32\USER32.dll
0x00007ff922110000 - 0x00007ff92212e000 	C:\WINDOWS\System32\win32u.dll
0x00007ff924e20000 - 0x00007ff924e54000 	C:\WINDOWS\System32\GDI32.dll
0x00007ff921590000 - 0x00007ff921712000 	C:\WINDOWS\System32\gdi32full.dll
0x00007ff918f00000 - 0x00007ff919179000 	C:\WINDOWS\WinSxS\amd64_microsoft.windows.common-controls_6595b64144ccf1df_6.0.14393.0_none_2d0f50fcbdb171b8\COMCTL32.dll
0x00007ff924430000 - 0x00007ff9246f7000 	C:\WINDOWS\System32\combase.dll
0x00007ff9224d0000 - 0x00007ff9225c5000 	C:\WINDOWS\System32\ucrtbase.dll
0x00007ff9221e0000 - 0x00007ff92224a000 	C:\WINDOWS\System32\bcryptPrimitives.dll
0x00007ff924df0000 - 0x00007ff924e1e000 	C:\WINDOWS\System32\IMM32.DLL
0x000000005dd60000 - 0x000000005de32000 	C:\Program Files\Java\jre1.8.0_101\bin\msvcr100.dll
0x000000005de70000 - 0x000000005e70a000 	C:\Program Files\Java\jre1.8.0_101\bin\server\jvm.dll
0x00007ff922c50000 - 0x00007ff922c58000 	C:\WINDOWS\System32\PSAPI.DLL
0x00007ff91df60000 - 0x00007ff91df69000 	C:\WINDOWS\SYSTEM32\WSOCK32.dll
0x00007ff91cea0000 - 0x00007ff91ceaa000 	C:\WINDOWS\SYSTEM32\VERSION.dll
0x00007ff91f9c0000 - 0x00007ff91f9e3000 	C:\WINDOWS\SYSTEM32\WINMM.dll
0x00007ff922c60000 - 0x00007ff922cca000 	C:\WINDOWS\System32\WS2_32.dll
0x00007ff91f940000 - 0x00007ff91f96b000 	C:\WINDOWS\SYSTEM32\WINMMBASE.dll
0x00007ff921720000 - 0x00007ff921762000 	C:\WINDOWS\System32\cfgmgr32.dll
0x000000005e7d0000 - 0x000000005e7df000 	C:\Program Files\Java\jre1.8.0_101\bin\verify.dll
0x000000005e7a0000 - 0x000000005e7c9000 	C:\Program Files\Java\jre1.8.0_101\bin\java.dll
0x000000005dd20000 - 0x000000005dd55000 	C:\Program Files\Java\jre1.8.0_101\bin\jdwp.dll
0x000000005dd10000 - 0x000000005dd18000 	C:\Program Files\Java\jre1.8.0_101\bin\npt.dll
0x000000005e780000 - 0x000000005e796000 	C:\Program Files\Java\jre1.8.0_101\bin\zip.dll
0x00007ff922e60000 - 0x00007ff924368000 	C:\WINDOWS\System32\SHELL32.dll
0x00007ff921990000 - 0x00007ff92206a000 	C:\WINDOWS\System32\windows.storage.dll
0x00007ff921540000 - 0x00007ff92158c000 	C:\WINDOWS\System32\powrprof.dll
0x00007ff922e00000 - 0x00007ff922e52000 	C:\WINDOWS\System32\shlwapi.dll
0x00007ff921530000 - 0x00007ff92153f000 	C:\WINDOWS\System32\kernel.appcore.dll
0x00007ff922130000 - 0x00007ff9221d9000 	C:\WINDOWS\System32\shcore.dll
0x00007ff921510000 - 0x00007ff921524000 	C:\WINDOWS\System32\profapi.dll
0x000000005dd00000 - 0x000000005dd09000 	C:\Program Files\Java\jre1.8.0_101\bin\dt_socket.dll
0x00007ff907b30000 - 0x00007ff907b46000 	C:\WINDOWS\system32\napinsp.dll
0x00007ff907b10000 - 0x00007ff907b2a000 	C:\WINDOWS\system32\pnrpnsp.dll
0x00007ff9194a0000 - 0x00007ff9194b8000 	C:\WINDOWS\system32\NLAapi.dll
0x00007ff920c50000 - 0x00007ff920cac000 	C:\WINDOWS\System32\mswsock.dll
0x00007ff920a30000 - 0x00007ff920ad0000 	C:\WINDOWS\SYSTEM32\DNSAPI.dll
0x00007ff924f10000 - 0x00007ff924f18000 	C:\WINDOWS\System32\NSI.dll
0x00007ff9209e0000 - 0x00007ff920a18000 	C:\WINDOWS\SYSTEM32\IPHLPAPI.DLL
0x00007ff90a450000 - 0x00007ff90a45e000 	C:\WINDOWS\System32\winrnr.dll
0x00007ff9084c0000 - 0x00007ff9084d5000 	C:\WINDOWS\System32\wshbth.dll
0x00000000604f0000 - 0x0000000060516000 	C:\Program Files\Bonjour\mdnsNSP.dll
0x00007ff916dc0000 - 0x00007ff916e2a000 	C:\WINDOWS\System32\fwpuclnt.dll
0x00007ff921440000 - 0x00007ff92146b000 	C:\WINDOWS\SYSTEM32\bcrypt.dll
0x00007ff912360000 - 0x00007ff91236a000 	C:\Windows\System32\rasadhlp.dll
0x000000005de40000 - 0x000000005de64000 	C:\Program Files\Java\jre1.8.0_101\bin\sunec.dll
0x00007ff920f70000 - 0x00007ff920f87000 	C:\WINDOWS\SYSTEM32\CRYPTSP.dll
0x00007ff920e50000 - 0x00007ff920e83000 	C:\WINDOWS\system32\rsaenh.dll
0x00007ff920ae0000 - 0x00007ff920aff000 	C:\WINDOWS\SYSTEM32\USERENV.dll
0x00007ff920f90000 - 0x00007ff920f9b000 	C:\WINDOWS\SYSTEM32\CRYPTBASE.dll
0x000000005e760000 - 0x000000005e77a000 	C:\Program Files\Java\jre1.8.0_101\bin\net.dll
0x00007ff917320000 - 0x00007ff917336000 	C:\WINDOWS\SYSTEM32\dhcpcsvc6.DLL
0x00007ff917d00000 - 0x00007ff917d1a000 	C:\WINDOWS\SYSTEM32\dhcpcsvc.DLL
0x000000005e740000 - 0x000000005e751000 	C:\Program Files\Java\jre1.8.0_101\bin\nio.dll
0x00007ff91dda0000 - 0x00007ff91df32000 	C:\WINDOWS\SYSTEM32\dbghelp.dll

VM Arguments:
jvm_args: -agentlib:jdwp=transport=dt_socket,suspend=y,address=localhost:7165 -Dfile.encoding=Cp1252 -Xmx512M 
java_command: csula.cs4660.quizes.App
java_class_path (initial): D:\Project\CS4660\cs4660\bin;C:\Users\krish\.gradle\caches\modules-2\files-2.1\com.fasterxml.jackson.core\jackson-annotations\2.8.0\45b426f7796b741035581a176744d91090e2e6fb\jackson-annotations-2.8.0.jar;C:\Users\krish\.gradle\caches\modules-2\files-2.1\com.fasterxml.jackson.core\jackson-core\2.8.3\5e1dc37c96308851c3ff609c250dc849c4b12022\jackson-core-2.8.3.jar;C:\Users\krish\.gradle\caches\modules-2\files-2.1\com.fasterxml.jackson.core\jackson-databind\2.8.3\cea3788c72271d45676ce32c0665991674b24cc5\jackson-databind-2.8.3.jar;C:\Users\krish\.gradle\caches\modules-2\files-2.1\com.google.guava\guava\19.0\6ce200f6b23222af3d8abb6b6459e6c44f4bb0e9\guava-19.0.jar;C:\Users\krish\.gradle\caches\modules-2\files-2.1\com.mashape.unirest\unirest-java\1.4.9\778cffcba803dc7d43932266aef4c91f5b6b4dd0\unirest-java-1.4.9.jar;C:\Users\krish\.gradle\caches\modules-2\files-2.1\commons-codec\commons-codec\1.9\9ce04e34240f674bc72680f8b843b1457383161a\commons-codec-1.9.jar;C:\Users\krish\.gradle\caches\modules-2\files-2.1\commons-logging\commons-logging\1.2\4bfc12adfe4842bf07b657f0369c4cb522955686\commons-logging-1.2.jar;C:\Users\krish\.gradle\caches\modules-2\files-2.1\junit\junit\4.11\4e031bb61df09069aeb2bffb4019e7a5034a4ee0\junit-4.11.jar;C:\Users\krish\.gradle\caches\modules-2\files-2.1\org.apache.httpcomponents\httpasyncclient\4.1.1\dd624f5a0ff43eb5cdf828d9739d3177ee00a5a9\httpasyncclient-4.1.1.jar;C:\Users\krish\.gradle\caches\modules-2\files-2.1\org.apache.httpcomponents\httpclient\4.5.2\733db77aa8d9b2d68015189df76ab06304406e50\httpclient-4.5.2.jar;C:\Users\krish\.gradle\caches\modules-2\files-2.1\org.apache.httpcomponents\httpcore-nio\4.4.4\16badfc2d99db264c486ba8c57ae577301a58bd9\httpcore-nio-4.4.4.jar;C:\Users\krish\.gradle\caches\modules-2\files-2.1\org.apache.httpcomponents\httpcore\4.4.4\b31526a230871fbe285fbcbe2813f9c0839ae9b0\httpcore-4.4.4.jar;C:\Users\krish\.gradle\caches\modules-2\files-2.1\org.apache.httpcomponents\httpmime\4.5.2\22b4c53dd9b67
Launcher Type: SUN_STANDARD

Environment Variables:
JAVA_HOME=C:\Program Files\Java\jdk1.8.0_77
_JAVA_OPTIONS=-Xmx512M
PATH=C:/Program Files/Java/jre1.8.0_101/bin/server;C:/Program Files/Java/jre1.8.0_101/bin;C:/Program Files/Java/jre1.8.0_101/lib/amd64;C:\ProgramData\Oracle\Java\javapath;C:\Program Files (x86)\Intel\iCLS Client\;C:\Program Files\Intel\iCLS Client\;C:\Windows\system32;C:\Windows;C:\Windows\System32\Wbem;C:\Windows\System32\WindowsPowerShell\v1.0\;C:\Program Files (x86)\Intel\Intel(R) Management Engine Components\DAL;C:\Program Files\Intel\Intel(R) Management Engine Components\DAL;C:\Program Files (x86)\Intel\Intel(R) Management Engine Components\IPT;C:\Program Files\Intel\Intel(R) Management Engine Components\IPT;C:\Program Files (x86)\NVIDIA Corporation\PhysX\Common;C:\WINDOWS\system32;C:\WINDOWS;C:\WINDOWS\System32\Wbem;C:\WINDOWS\System32\WindowsPowerShell\v1.0\;C:\Program Files (x86)\Skype\Phone\;GRADLE_HOME\bin;C:\Program Files\gradle-2.12\bin;C:\Program Files\MongoDB\Server\3.2\bin;C:\Program Files\Java\jdk1.8.0_77\bin;C:\Program Files (x86)\mingw-w64\i686-5.3.0-posix-dwarf-rt_v4-rev0\mingw32\bin;C:\Program Files\elasticsearch-2.3.2\bin;C:\Program Files\kibana-4.5.0-windows\bin;C:\Users\krish\AppData\Roaming\Microsoft\Windows\Start Menu\Programs\;C:\Program Files\Intel\WiFi\bin\;C:\Program Files\Common Files\Intel\WirelessCommon\;C:\Program Files (x86)\GtkSharp\2.12\bin;D:\Anaconda;D:\Anaconda\Scripts;D:\Anaconda\Library\bin;;C:\Program Files\Docker Toolbox;C:\Program Files (x86)\Nmap;C:\Users\krish\AppData\Local\Microsoft\WindowsApps;D:\eclipse;
USERNAME=krish
OS=Windows_NT
PROCESSOR_IDENTIFIER=Intel64 Family 6 Model 94 Stepping 3, GenuineIntel



---------------  S Y S T E M  ---------------

OS: Windows 10.0 , 64 bit Build 14393 (10.0.14393.0)

CPU:total 8 (4 cores per cpu, 2 threads per core) family 6 model 94 stepping 3, cmov, cx8, fxsr, mmx, sse, sse2, sse3, ssse3, sse4.1, sse4.2, popcnt, avx, avx2, aes, clmul, erms, rtm, 3dnowpref, lzcnt, ht, tsc, tscinvbit, bmi1, bmi2, adx

Memory: 4k page, physical 8258516k(3201932k free), swap 11446916k(2922644k free)

vm_info: Java HotSpot(TM) 64-Bit Server VM (25.101-b13) for windows-amd64 JRE (1.8.0_101-b13), built on Jun 22 2016 01:21:29 by "java_re" with MS VC++ 10.0 (VS2010)

time: Sun Oct 16 16:50:59 2016
elapsed time: 13329 seconds (0d 3h 42m 9s)

