#
# A fatal error has been detected by the Java Runtime Environment:
#
#  EXCEPTION_ACCESS_VIOLATION (0xc0000005) at pc=0x000000006cc3a0a5, pid=5772, tid=0x0000000000000fe0
#
# JRE version: Java(TM) SE Runtime Environment (8.0_101-b13) (build 1.8.0_101-b13)
# Java VM: Java HotSpot(TM) 64-Bit Server VM (25.101-b13 mixed mode windows-amd64 compressed oops)
# Problematic frame:
# V  [jvm.dll+0x12a0a5]
#
# Failed to write core dump. Minidumps are not enabled by default on client versions of Windows
#
# If you would like to submit a bug report, please visit:
#   http://bugreport.java.com/bugreport/crash.jsp
#

---------------  T H R E A D  ---------------

Current thread (0x0000000015e86800):  JavaThread "JDWP Transport Listener: dt_socket" daemon [_thread_in_vm, id=4064, stack(0x0000000016660000,0x0000000016760000)]

siginfo: ExceptionCode=0xc0000005, reading address 0xffffffffffffffff

Registers:
RAX=0x000000001675f301, RBX=0x0000000015e86800, RCX=0x7470656378457468, RDX=0x0000000000000000
RSP=0x000000001675f310, RBP=0x7470656378457468, RSI=0x000000001675f428, RDI=0x00000000025ac010
R8 =0x0000000015e86800, R9 =0x0000000000000000, R10=0x0000000000000000, R11=0x0000000000000064
R12=0x0000000000000000, R13=0x0000000015e87218, R14=0x0000000000000000, R15=0x0000000000000000
RIP=0x000000006cc3a0a5, EFLAGS=0x0000000000010202

Top of Stack: (sp=0x000000001675f310)
0x000000001675f310:   0000000015e86800 0000000015e86800
0x000000001675f320:   000000001675f3d8 000000006ce42f0b
0x000000001675f330:   0000000015e86800 000000006ce5f76d
0x000000001675f340:   0000000000000000 000000006d5e9155
0x000000001675f350:   0000000017489058 000000006d5f291e
0x000000001675f360:   0000000015e86800 0000000000000000
0x000000001675f370:   0000000000000000 0000000000000000
0x000000001675f380:   7470656378457468 000000006d5f1a15
0x000000001675f390:   000000001675f428 000000001675f400
0x000000001675f3a0:   0000000000000001 0000000017489058
0x000000001675f3b0:   7470656378457468 000000006d5d53b3
0x000000001675f3c0:   000000001675f4f0 0000000000000001
0x000000001675f3d0:   0000000000000001 0000000017489058
0x000000001675f3e0:   0000000000000009 0000000000000000
0x000000001675f3f0:   0000000000000000 0000000000000000
0x000000001675f400:   0000000000000001 000000006d5d5571 

Instructions: (pc=0x000000006cc3a0a5)
0x000000006cc3a085:   cc cc cc cc cc cc cc cc cc cc cc 48 83 ec 28 48
0x000000006cc3a095:   85 c9 75 07 33 c0 48 83 c4 28 c3 48 89 5c 24 20
0x000000006cc3a0a5:   48 8b 19 48 85 db 74 20 48 83 fb 37 74 1a 48 8b
0x000000006cc3a0b5:   13 48 8b cb ff 52 10 84 c0 74 0d 48 8b c3 48 8b 


Register to memory mapping:

RAX=0x000000001675f301 is pointing into the stack for thread: 0x0000000015e86800
RBX=0x0000000015e86800 is a thread
RCX=0x7470656378457468 is an unknown value
RDX=0x0000000000000000 is an unknown value
RSP=0x000000001675f310 is pointing into the stack for thread: 0x0000000015e86800
RBP=0x7470656378457468 is an unknown value
RSI=0x000000001675f428 is pointing into the stack for thread: 0x0000000015e86800
RDI=0x00000000025ac010 is an unknown value
R8 =0x0000000015e86800 is a thread
R9 =0x0000000000000000 is an unknown value
R10=0x0000000000000000 is an unknown value
R11=0x0000000000000064 is an unknown value
R12=0x0000000000000000 is an unknown value
R13=0x0000000015e87218 is an unknown value
R14=0x0000000000000000 is an unknown value
R15=0x0000000000000000 is an unknown value


Stack: [0x0000000016660000,0x0000000016760000],  sp=0x000000001675f310,  free space=1020k
Native frames: (J=compiled Java code, j=interpreted, Vv=VM code, C=native code)
V  [jvm.dll+0x12a0a5]
V  [jvm.dll+0x34f76d]
C  [jdwp.dll+0x21a15]
C  [jdwp.dll+0x53b3]
C  [jdwp.dll+0x5571]
C  [jdwp.dll+0xf0a8]
C  [jdwp.dll+0x1f2d5]
C  [jdwp.dll+0x1f4aa]
V  [jvm.dll+0x1bd258]
V  [jvm.dll+0x2451a4]
V  [jvm.dll+0x29c18a]
C  [msvcr100.dll+0x21d9f]
C  [msvcr100.dll+0x21e3b]
C  [KERNEL32.DLL+0x8364]
C  [ntdll.dll+0x65e91]


---------------  P R O C E S S  ---------------

Java Threads: ( => current thread )
  0x0000000015f3d800 JavaThread "Service Thread" daemon [_thread_blocked, id=15956, stack(0x0000000017130000,0x0000000017230000)]
  0x0000000015ebb800 JavaThread "C1 CompilerThread3" daemon [_thread_blocked, id=17268, stack(0x0000000017030000,0x0000000017130000)]
  0x0000000015eb9800 JavaThread "C2 CompilerThread2" daemon [_thread_blocked, id=12004, stack(0x0000000016f30000,0x0000000017030000)]
  0x0000000015eb9000 JavaThread "C2 CompilerThread1" daemon [_thread_blocked, id=13920, stack(0x0000000016e30000,0x0000000016f30000)]
  0x0000000015ea6000 JavaThread "C2 CompilerThread0" daemon [_thread_blocked, id=14676, stack(0x0000000016d30000,0x0000000016e30000)]
  0x0000000015e9a000 JavaThread "JDWP Command Reader" daemon [_thread_in_native, id=15248, stack(0x0000000016c30000,0x0000000016d30000)]
  0x0000000015e96800 JavaThread "JDWP Event Helper Thread" daemon [_thread_blocked, id=16532, stack(0x0000000016b30000,0x0000000016c30000)]
=>0x0000000015e86800 JavaThread "JDWP Transport Listener: dt_socket" daemon [_thread_in_vm, id=4064, stack(0x0000000016660000,0x0000000016760000)]
  0x0000000015e7b800 JavaThread "Attach Listener" daemon [_thread_blocked, id=17404, stack(0x0000000016550000,0x0000000016650000)]
  0x0000000015e7a000 JavaThread "Signal Dispatcher" daemon [_thread_blocked, id=10156, stack(0x0000000016450000,0x0000000016550000)]
  0x0000000015e70800 JavaThread "Finalizer" daemon [_thread_blocked, id=12896, stack(0x0000000016250000,0x0000000016350000)]
  0x00000000026eb000 JavaThread "Reference Handler" daemon [_thread_blocked, id=17116, stack(0x0000000015d50000,0x0000000015e50000)]
  0x00000000025f4000 JavaThread "main" [_thread_blocked, id=6992, stack(0x00000000024a0000,0x00000000025a0000)]

Other Threads:
  0x0000000013f68800 VMThread [stack: 0x0000000015c50000,0x0000000015d50000] [id=13492]
  0x0000000015f63000 WatcherThread [stack: 0x0000000017230000,0x0000000017330000] [id=16500]

VM state:not at safepoint (normal execution)

VM Mutex/Monitor currently owned by a thread: None

Heap:
 PSYoungGen      total 172032K, used 132646K [0x00000000f5580000, 0x0000000100000000, 0x0000000100000000)
  eden space 169984K, 77% used [0x00000000f5580000,0x00000000fd581900,0x00000000ffb80000)
  from space 2048K, 76% used [0x00000000ffb80000,0x00000000ffd08000,0x00000000ffd80000)
  to   space 2048K, 0% used [0x00000000ffe00000,0x00000000ffe00000,0x0000000100000000)
 ParOldGen       total 87552K, used 1457K [0x00000000e0000000, 0x00000000e5580000, 0x00000000f5580000)
  object space 87552K, 1% used [0x00000000e0000000,0x00000000e016c4a0,0x00000000e5580000)
 Metaspace       used 5665K, capacity 5782K, committed 5888K, reserved 1056768K
  class space    used 634K, capacity 695K, committed 768K, reserved 1048576K

Card table byte_map: [0x0000000011ab0000,0x0000000011bc0000] byte_map_base: 0x00000000113b0000

Marking Bits: (ParMarkBitMap*) 0x000000006d32a6d0
 Begin Bits: [0x0000000012470000, 0x0000000012c70000)
 End Bits:   [0x0000000012c70000, 0x0000000013470000)

Polling page: 0x00000000025b0000

CodeCache: size=245760Kb used=2164Kb max_used=2164Kb free=243595Kb
 bounds [0x00000000026f0000, 0x0000000002960000, 0x00000000116f0000]
 total_blobs=736 nmethods=455 adapters=202
 compilation: enabled

Compilation events (10 events):
Event: 0.895 Thread 0x0000000015ebb800  452       3       jdk.internal.org.objectweb.asm.ByteVector::putInt (74 bytes)
Event: 0.896 Thread 0x0000000015ebb800 nmethod 452 0x000000000290b490 code [0x000000000290b600, 0x000000000290b8a8]
Event: 0.896 Thread 0x0000000015ebb800  453   !   3       java.net.URLClassLoader::findClass (47 bytes)
Event: 0.896 Thread 0x0000000015ebb800 nmethod 453 0x000000000290ba50 code [0x000000000290bc00, 0x000000000290c218]
Event: 0.896 Thread 0x0000000015ebb800  454       3       java.net.URLClassLoader$1::<init> (15 bytes)
Event: 0.896 Thread 0x0000000015ebb800 nmethod 454 0x000000000290c4d0 code [0x000000000290c620, 0x000000000290c7f0]
Event: 0.896 Thread 0x0000000015ebb800  455  s    3       sun.misc.Resource::cachedInputStream (20 bytes)
Event: 0.896 Thread 0x0000000015ebb800 nmethod 455 0x000000000290c890 code [0x000000000290ca00, 0x000000000290cde8]
Event: 0.896 Thread 0x0000000015ebb800  456       3       java.security.CodeSource::getCertificates (98 bytes)
Event: 0.897 Thread 0x0000000015ebb800 nmethod 456 0x000000000290ce90 code [0x000000000290d0c0, 0x000000000290dc98]

GC Heap History (10 events):
Event: 0.467 GC heap before
{Heap before GC invocations=5 (full 0):
 PSYoungGen      total 71680K, used 68240K [0x00000000f5580000, 0x00000000fa080000, 0x0000000100000000)
  eden space 66560K, 100% used [0x00000000f5580000,0x00000000f9680000,0x00000000f9680000)
  from space 5120K, 32% used [0x00000000f9b80000,0x00000000f9d24010,0x00000000fa080000)
  to   space 5120K, 0% used [0x00000000f9680000,0x00000000f9680000,0x00000000f9b80000)
 ParOldGen       total 87552K, used 16K [0x00000000e0000000, 0x00000000e5580000, 0x00000000f5580000)
  object space 87552K, 0% used [0x00000000e0000000,0x00000000e0004000,0x00000000e5580000)
 Metaspace       used 4258K, capacity 5108K, committed 5248K, reserved 1056768K
  class space    used 498K, capacity 560K, committed 640K, reserved 1048576K
Event: 0.468 GC heap after
Heap after GC invocations=5 (full 0):
 PSYoungGen      total 71680K, used 2112K [0x00000000f5580000, 0x00000000fdc80000, 0x0000000100000000)
  eden space 66560K, 0% used [0x00000000f5580000,0x00000000f5580000,0x00000000f9680000)
  from space 5120K, 41% used [0x00000000f9680000,0x00000000f9890020,0x00000000f9b80000)
  to   space 2560K, 0% used [0x00000000fda00000,0x00000000fda00000,0x00000000fdc80000)
 ParOldGen       total 87552K, used 16K [0x00000000e0000000, 0x00000000e5580000, 0x00000000f5580000)
  object space 87552K, 0% used [0x00000000e0000000,0x00000000e0004000,0x00000000e5580000)
 Metaspace       used 4258K, capacity 5108K, committed 5248K, reserved 1056768K
  class space    used 498K, capacity 560K, committed 640K, reserved 1048576K
}
Event: 0.492 GC heap before
{Heap before GC invocations=6 (full 0):
 PSYoungGen      total 71680K, used 68672K [0x00000000f5580000, 0x00000000fdc80000, 0x0000000100000000)
  eden space 66560K, 100% used [0x00000000f5580000,0x00000000f9680000,0x00000000f9680000)
  from space 5120K, 41% used [0x00000000f9680000,0x00000000f9890020,0x00000000f9b80000)
  to   space 2560K, 0% used [0x00000000fda00000,0x00000000fda00000,0x00000000fdc80000)
 ParOldGen       total 87552K, used 16K [0x00000000e0000000, 0x00000000e5580000, 0x00000000f5580000)
  object space 87552K, 0% used [0x00000000e0000000,0x00000000e0004000,0x00000000e5580000)
 Metaspace       used 4269K, capacity 5108K, committed 5248K, reserved 1056768K
  class space    used 499K, capacity 560K, committed 640K, reserved 1048576K
Event: 0.494 GC heap after
Heap after GC invocations=6 (full 0):
 PSYoungGen      total 135680K, used 1552K [0x00000000f5580000, 0x00000000fdc80000, 0x0000000100000000)
  eden space 133120K, 0% used [0x00000000f5580000,0x00000000f5580000,0x00000000fd780000)
  from space 2560K, 60% used [0x00000000fda00000,0x00000000fdb84010,0x00000000fdc80000)
  to   space 2560K, 0% used [0x00000000fd780000,0x00000000fd780000,0x00000000fda00000)
 ParOldGen       total 87552K, used 24K [0x00000000e0000000, 0x00000000e5580000, 0x00000000f5580000)
  object space 87552K, 0% used [0x00000000e0000000,0x00000000e0006000,0x00000000e5580000)
 Metaspace       used 4269K, capacity 5108K, committed 5248K, reserved 1056768K
  class space    used 499K, capacity 560K, committed 640K, reserved 1048576K
}
Event: 0.545 GC heap before
{Heap before GC invocations=7 (full 0):
 PSYoungGen      total 135680K, used 134672K [0x00000000f5580000, 0x00000000fdc80000, 0x0000000100000000)
  eden space 133120K, 100% used [0x00000000f5580000,0x00000000fd780000,0x00000000fd780000)
  from space 2560K, 60% used [0x00000000fda00000,0x00000000fdb84010,0x00000000fdc80000)
  to   space 2560K, 0% used [0x00000000fd780000,0x00000000fd780000,0x00000000fda00000)
 ParOldGen       total 87552K, used 24K [0x00000000e0000000, 0x00000000e5580000, 0x00000000f5580000)
  object space 87552K, 0% used [0x00000000e0000000,0x00000000e0006000,0x00000000e5580000)
 Metaspace       used 4269K, capacity 5108K, committed 5248K, reserved 1056768K
  class space    used 499K, capacity 560K, committed 640K, reserved 1048576K
Event: 0.546 GC heap after
Heap after GC invocations=7 (full 0):
 PSYoungGen      total 135680K, used 1536K [0x00000000f5580000, 0x0000000100000000, 0x0000000100000000)
  eden space 133120K, 0% used [0x00000000f5580000,0x00000000f5580000,0x00000000fd780000)
  from space 2560K, 60% used [0x00000000fd780000,0x00000000fd900000,0x00000000fda00000)
  to   space 2560K, 0% used [0x00000000ffd80000,0x00000000ffd80000,0x0000000100000000)
 ParOldGen       total 87552K, used 729K [0x00000000e0000000, 0x00000000e5580000, 0x00000000f5580000)
  object space 87552K, 0% used [0x00000000e0000000,0x00000000e00b64a0,0x00000000e5580000)
 Metaspace       used 4269K, capacity 5108K, committed 5248K, reserved 1056768K
  class space    used 499K, capacity 560K, committed 640K, reserved 1048576K
}
Event: 0.585 GC heap before
{Heap before GC invocations=8 (full 0):
 PSYoungGen      total 135680K, used 134656K [0x00000000f5580000, 0x0000000100000000, 0x0000000100000000)
  eden space 133120K, 100% used [0x00000000f5580000,0x00000000fd780000,0x00000000fd780000)
  from space 2560K, 60% used [0x00000000fd780000,0x00000000fd900000,0x00000000fda00000)
  to   space 2560K, 0% used [0x00000000ffd80000,0x00000000ffd80000,0x0000000100000000)
 ParOldGen       total 87552K, used 729K [0x00000000e0000000, 0x00000000e5580000, 0x00000000f5580000)
  object space 87552K, 0% used [0x00000000e0000000,0x00000000e00b64a0,0x00000000e5580000)
 Metaspace       used 4270K, capacity 5108K, committed 5248K, reserved 1056768K
  class space    used 499K, capacity 560K, committed 640K, reserved 1048576K
Event: 0.586 GC heap after
Heap after GC invocations=8 (full 0):
 PSYoungGen      total 171520K, used 1664K [0x00000000f5580000, 0x00000000fff80000, 0x0000000100000000)
  eden space 169472K, 0% used [0x00000000f5580000,0x00000000f5580000,0x00000000ffb00000)
  from space 2048K, 81% used [0x00000000ffd80000,0x00000000fff20000,0x00000000fff80000)
  to   space 2048K, 0% used [0x00000000ffb80000,0x00000000ffb80000,0x00000000ffd80000)
 ParOldGen       total 87552K, used 753K [0x00000000e0000000, 0x00000000e5580000, 0x00000000f5580000)
  object space 87552K, 0% used [0x00000000e0000000,0x00000000e00bc4a0,0x00000000e5580000)
 Metaspace       used 4270K, capacity 5108K, committed 5248K, reserved 1056768K
  class space    used 499K, capacity 560K, committed 640K, reserved 1048576K
}
Event: 0.646 GC heap before
{Heap before GC invocations=9 (full 0):
 PSYoungGen      total 171520K, used 171136K [0x00000000f5580000, 0x00000000fff80000, 0x0000000100000000)
  eden space 169472K, 100% used [0x00000000f5580000,0x00000000ffb00000,0x00000000ffb00000)
  from space 2048K, 81% used [0x00000000ffd80000,0x00000000fff20000,0x00000000fff80000)
  to   space 2048K, 0% used [0x00000000ffb80000,0x00000000ffb80000,0x00000000ffd80000)
 ParOldGen       total 87552K, used 753K [0x00000000e0000000, 0x00000000e5580000, 0x00000000f5580000)
  object space 87552K, 0% used [0x00000000e0000000,0x00000000e00bc4a0,0x00000000e5580000)
 Metaspace       used 4270K, capacity 5108K, committed 5248K, reserved 1056768K
  class space    used 499K, capacity 560K, committed 640K, reserved 1048576K
Event: 0.648 GC heap after
Heap after GC invocations=9 (full 0):
 PSYoungGen      total 172032K, used 1568K [0x00000000f5580000, 0x0000000100000000, 0x0000000100000000)
  eden space 169984K, 0% used [0x00000000f5580000,0x00000000f5580000,0x00000000ffb80000)
  from space 2048K, 76% used [0x00000000ffb80000,0x00000000ffd08000,0x00000000ffd80000)
  to   space 2048K, 0% used [0x00000000ffe00000,0x00000000ffe00000,0x0000000100000000)
 ParOldGen       total 87552K, used 1457K [0x00000000e0000000, 0x00000000e5580000, 0x00000000f5580000)
  object space 87552K, 1% used [0x00000000e0000000,0x00000000e016c4a0,0x00000000e5580000)
 Metaspace       used 4270K, capacity 5108K, committed 5248K, reserved 1056768K
  class space    used 499K, capacity 560K, committed 640K, reserved 1048576K
}

Deoptimization events (7 events):
Event: 0.361 Thread 0x00000000025f4000 Uncommon trap: reason=unstable_if action=reinterpret pc=0x0000000002850560 method=java.lang.String.indexOf([CII[CIII)I @ 123
Event: 0.690 Thread 0x00000000025f4000 Uncommon trap: reason=class_check action=maybe_recompile pc=0x00000000028a2e98 method=java.util.HashMap.putVal(ILjava/lang/Object;Ljava/lang/Object;ZZ)Ljava/lang/Object; @ 203
Event: 0.690 Thread 0x00000000025f4000 Uncommon trap: reason=class_check action=maybe_recompile pc=0x00000000028a2e98 method=java.util.HashMap.putVal(ILjava/lang/Object;Ljava/lang/Object;ZZ)Ljava/lang/Object; @ 203
Event: 0.690 Thread 0x00000000025f4000 Uncommon trap: reason=class_check action=maybe_recompile pc=0x00000000028a2e98 method=java.util.HashMap.putVal(ILjava/lang/Object;Ljava/lang/Object;ZZ)Ljava/lang/Object; @ 203
Event: 0.690 Thread 0x00000000025f4000 Uncommon trap: reason=class_check action=maybe_recompile pc=0x00000000028a2e98 method=java.util.HashMap.putVal(ILjava/lang/Object;Ljava/lang/Object;ZZ)Ljava/lang/Object; @ 203
Event: 0.691 Thread 0x00000000025f4000 Uncommon trap: reason=class_check action=maybe_recompile pc=0x00000000028a6314 method=java.util.HashMap.putVal(ILjava/lang/Object;Ljava/lang/Object;ZZ)Ljava/lang/Object; @ 203
Event: 0.765 Thread 0x00000000025f4000 Uncommon trap: reason=unstable_if action=reinterpret pc=0x00000000028a4ff8 method=java.util.HashMap.putVal(ILjava/lang/Object;Ljava/lang/Object;ZZ)Ljava/lang/Object; @ 206

Internal exceptions (8 events):
Event: 0.030 Thread 0x00000000025f4000 Exception <a 'java/lang/NoSuchMethodError': Method sun.misc.Unsafe.defineClass(Ljava/lang/String;[BII)Ljava/lang/Class; name or signature does not match> (0x00000000f5587cc0) thrown at [C:\re\workspace\8-2-build-windows-amd64-cygwin\jdk8u101\7261\hotspot\s3{¢•h?Ÿ?
Event: 0.031 Thread 0x00000000025f4000 Exception <a 'java/lang/NoSuchMethodError': Method sun.misc.Unsafe.prefetchRead(Ljava/lang/Object;J)V name or signature does not match> (0x00000000f5587fa8) thrown at [C:\re\workspace\8-2-build-windows-amd64-cygwin\jdk8u101\7261\hotspot\src\share\vm\prims\\ü7I×g×?
Event: 0.366 Thread 0x00000000025f4000 Exception <a 'java/security/PrivilegedActionException'> (0x00000000f5ad4320) thrown at [C:\re\workspace\8-2-build-windows-amd64-cygwin\jdk8u101\7261\hotspot\src\share\vm\prims\jvm.cpp, line 1386]
Event: 0.366 Thread 0x00000000025f4000 Exception <a 'java/security/PrivilegedActionException'> (0x00000000f5ad4718) thrown at [C:\re\workspace\8-2-build-windows-amd64-cygwin\jdk8u101\7261\hotspot\src\share\vm\prims\jvm.cpp, line 1386]
Event: 0.367 Thread 0x00000000025f4000 Exception <a 'java/security/PrivilegedActionException'> (0x00000000f5ad8730) thrown at [C:\re\workspace\8-2-build-windows-amd64-cygwin\jdk8u101\7261\hotspot\src\share\vm\prims\jvm.cpp, line 1386]
Event: 0.367 Thread 0x00000000025f4000 Exception <a 'java/security/PrivilegedActionException'> (0x00000000f5ad8b28) thrown at [C:\re\workspace\8-2-build-windows-amd64-cygwin\jdk8u101\7261\hotspot\src\share\vm\prims\jvm.cpp, line 1386]
Event: 0.877 Thread 0x00000000025f4000 Exception <a 'java/lang/NoSuchFieldError': method resolution failed> (0x00000000fcf83ad0) thrown at [C:\re\workspace\8-2-build-windows-amd64-cygwin\jdk8u101\7261\hotspot\src\share\vm\prims\methodHandles.cpp, line 1146]
Event: 0.880 Thread 0x00000000025f4000 Exception <a 'java/lang/NoSuchFieldError': method resolution failed> (0x00000000fcf911c0) thrown at [C:\re\workspace\8-2-build-windows-amd64-cygwin\jdk8u101\7261\hotspot\src\share\vm\prims\methodHandles.cpp, line 1146]

Events (10 events):
Event: 9373.530 Executing VM operation: GetOrSetLocal
Event: 9373.530 Executing VM operation: GetOrSetLocal done
Event: 9373.530 Executing VM operation: GetOrSetLocal
Event: 9373.530 Executing VM operation: GetOrSetLocal done
Event: 9373.531 Executing VM operation: GetOrSetLocal
Event: 9373.531 Executing VM operation: GetOrSetLocal done
Event: 9373.531 Executing VM operation: GetOrSetLocal
Event: 9373.531 Executing VM operation: GetOrSetLocal done
Event: 9373.532 Executing VM operation: GetOrSetLocal
Event: 9373.532 Executing VM operation: GetOrSetLocal done


Dynamic libraries:
0x00007ff75b3d0000 - 0x00007ff75b407000 	C:\Program Files\Java\jre1.8.0_101\bin\javaw.exe
0x00007ffad7580000 - 0x00007ffad7751000 	C:\WINDOWS\SYSTEM32\ntdll.dll
0x00007ffad4b90000 - 0x00007ffad4c3b000 	C:\WINDOWS\System32\KERNEL32.DLL
0x00007ffad48f0000 - 0x00007ffad4b0d000 	C:\WINDOWS\System32\KERNELBASE.dll
0x00007ffad7410000 - 0x00007ffad74b2000 	C:\WINDOWS\System32\ADVAPI32.dll
0x00007ffad6e00000 - 0x00007ffad6e9e000 	C:\WINDOWS\System32\msvcrt.dll
0x00007ffad5690000 - 0x00007ffad56e9000 	C:\WINDOWS\System32\sechost.dll
0x00007ffad6ea0000 - 0x00007ffad6fc1000 	C:\WINDOWS\System32\RPCRT4.dll
0x00007ffad6c00000 - 0x00007ffad6d65000 	C:\WINDOWS\System32\USER32.dll
0x00007ffad40f0000 - 0x00007ffad410e000 	C:\WINDOWS\System32\win32u.dll
0x00007ffad54f0000 - 0x00007ffad5524000 	C:\WINDOWS\System32\GDI32.dll
0x00007ffad3c30000 - 0x00007ffad3db2000 	C:\WINDOWS\System32\gdi32full.dll
0x00007ffacba70000 - 0x00007ffacbce9000 	C:\WINDOWS\WinSxS\amd64_microsoft.windows.common-controls_6595b64144ccf1df_6.0.14393.0_none_2d0f50fcbdb171b8\COMCTL32.dll
0x00007ffad4f90000 - 0x00007ffad5257000 	C:\WINDOWS\System32\combase.dll
0x00007ffad3e20000 - 0x00007ffad3f15000 	C:\WINDOWS\System32\ucrtbase.dll
0x00007ffad3a70000 - 0x00007ffad3ada000 	C:\WINDOWS\System32\bcryptPrimitives.dll
0x00007ffad5400000 - 0x00007ffad542e000 	C:\WINDOWS\System32\IMM32.DLL
0x000000006ca30000 - 0x000000006cb02000 	C:\Program Files\Java\jre1.8.0_101\bin\msvcr100.dll
0x000000006cb10000 - 0x000000006d3aa000 	C:\Program Files\Java\jre1.8.0_101\bin\server\jvm.dll
0x00007ffad6df0000 - 0x00007ffad6df8000 	C:\WINDOWS\System32\PSAPI.DLL
0x00007ffad0850000 - 0x00007ffad0859000 	C:\WINDOWS\SYSTEM32\WSOCK32.dll
0x00007ffacc3c0000 - 0x00007ffacc3ca000 	C:\WINDOWS\SYSTEM32\VERSION.dll
0x00007ffad1aa0000 - 0x00007ffad1ac3000 	C:\WINDOWS\SYSTEM32\WINMM.dll
0x00007ffad6d70000 - 0x00007ffad6dda000 	C:\WINDOWS\System32\WS2_32.dll
0x00007ffad1830000 - 0x00007ffad185b000 	C:\WINDOWS\SYSTEM32\WINMMBASE.dll
0x00007ffad47f0000 - 0x00007ffad4832000 	C:\WINDOWS\System32\cfgmgr32.dll
0x000000006e7f0000 - 0x000000006e7ff000 	C:\Program Files\Java\jre1.8.0_101\bin\verify.dll
0x000000006d500000 - 0x000000006d529000 	C:\Program Files\Java\jre1.8.0_101\bin\java.dll
0x000000006d5d0000 - 0x000000006d605000 	C:\Program Files\Java\jre1.8.0_101\bin\jdwp.dll
0x000000006d5c0000 - 0x000000006d5c8000 	C:\Program Files\Java\jre1.8.0_101\bin\npt.dll
0x000000006d4e0000 - 0x000000006d4f6000 	C:\Program Files\Java\jre1.8.0_101\bin\zip.dll
0x00007ffad56f0000 - 0x00007ffad6bf8000 	C:\WINDOWS\System32\SHELL32.dll
0x00007ffad4110000 - 0x00007ffad47ea000 	C:\WINDOWS\System32\windows.storage.dll
0x00007ffad3a20000 - 0x00007ffad3a6c000 	C:\WINDOWS\System32\powrprof.dll
0x00007ffad5490000 - 0x00007ffad54e2000 	C:\WINDOWS\System32\shlwapi.dll
0x00007ffad39f0000 - 0x00007ffad39ff000 	C:\WINDOWS\System32\kernel.appcore.dll
0x00007ffad3b80000 - 0x00007ffad3c29000 	C:\WINDOWS\System32\shcore.dll
0x00007ffad3a00000 - 0x00007ffad3a14000 	C:\WINDOWS\System32\profapi.dll
0x000000006d5b0000 - 0x000000006d5b9000 	C:\Program Files\Java\jre1.8.0_101\bin\dt_socket.dll
0x00007ffacabd0000 - 0x00007ffacabe6000 	C:\WINDOWS\system32\napinsp.dll
0x00007ffacabf0000 - 0x00007ffacac0a000 	C:\WINDOWS\system32\pnrpnsp.dll
0x00007ffad1410000 - 0x00007ffad1428000 	C:\WINDOWS\system32\NLAapi.dll
0x00007ffad3130000 - 0x00007ffad318c000 	C:\WINDOWS\System32\mswsock.dll
0x00007ffad2f10000 - 0x00007ffad2fb0000 	C:\WINDOWS\SYSTEM32\DNSAPI.dll
0x00007ffad6de0000 - 0x00007ffad6de8000 	C:\WINDOWS\System32\NSI.dll
0x00007ffad2ec0000 - 0x00007ffad2ef8000 	C:\WINDOWS\SYSTEM32\IPHLPAPI.DLL
0x00007ffacac10000 - 0x00007ffacac1e000 	C:\WINDOWS\System32\winrnr.dll
0x00007ffacac20000 - 0x00007ffacac35000 	C:\WINDOWS\System32\wshbth.dll
0x000000006f0d0000 - 0x000000006f0f6000 	C:\Program Files\Bonjour\mdnsNSP.dll
0x00007ffac7e00000 - 0x00007ffac7e6a000 	C:\WINDOWS\System32\fwpuclnt.dll
0x00007ffad3920000 - 0x00007ffad394b000 	C:\WINDOWS\SYSTEM32\bcrypt.dll
0x00007ffac3c90000 - 0x00007ffac3c9a000 	C:\Windows\System32\rasadhlp.dll
0x000000006d4c0000 - 0x000000006d4da000 	C:\Program Files\Java\jre1.8.0_101\bin\net.dll
0x00007ffacff70000 - 0x00007ffad0102000 	C:\WINDOWS\SYSTEM32\dbghelp.dll

VM Arguments:
jvm_args: -agentlib:jdwp=transport=dt_socket,suspend=y,address=localhost:3421 -Dfile.encoding=Cp1252 -Xmx512M 
java_command: org.eclipse.jdt.internal.junit.runner.RemoteTestRunner -version 3 -port 3420 -testLoaderClass org.eclipse.jdt.internal.junit4.runner.JUnit4TestLoader -loaderpluginname org.eclipse.jdt.junit4.runtime -test csula.cs4660.graphs.search.AStarTest:aWarmUpSearches
java_class_path (initial): D:\Project\CS4660\cs4660\bin;C:\Users\krish\.gradle\caches\modules-2\files-2.1\com.fasterxml.jackson.core\jackson-annotations\2.8.0\45b426f7796b741035581a176744d91090e2e6fb\jackson-annotations-2.8.0.jar;C:\Users\krish\.gradle\caches\modules-2\files-2.1\com.fasterxml.jackson.core\jackson-core\2.8.3\5e1dc37c96308851c3ff609c250dc849c4b12022\jackson-core-2.8.3.jar;C:\Users\krish\.gradle\caches\modules-2\files-2.1\com.fasterxml.jackson.core\jackson-databind\2.8.3\cea3788c72271d45676ce32c0665991674b24cc5\jackson-databind-2.8.3.jar;C:\Users\krish\.gradle\caches\modules-2\files-2.1\com.google.guava\guava\19.0\6ce200f6b23222af3d8abb6b6459e6c44f4bb0e9\guava-19.0.jar;C:\Users\krish\.gradle\caches\modules-2\files-2.1\com.mashape.unirest\unirest-java\1.4.9\778cffcba803dc7d43932266aef4c91f5b6b4dd0\unirest-java-1.4.9.jar;C:\Users\krish\.gradle\caches\modules-2\files-2.1\commons-codec\commons-codec\1.9\9ce04e34240f674bc72680f8b843b1457383161a\commons-codec-1.9.jar;C:\Users\krish\.gradle\caches\modules-2\files-2.1\commons-logging\commons-logging\1.2\4bfc12adfe4842bf07b657f0369c4cb522955686\commons-logging-1.2.jar;C:\Users\krish\.gradle\caches\modules-2\files-2.1\junit\junit\4.11\4e031bb61df09069aeb2bffb4019e7a5034a4ee0\junit-4.11.jar;C:\Users\krish\.gradle\caches\modules-2\files-2.1\org.apache.commons\commons-lang3\3.4\5fe28b9518e58819180a43a850fbc0dd24b7c050\commons-lang3-3.4.jar;C:\Users\krish\.gradle\caches\modules-2\files-2.1\org.apache.httpcomponents\httpasyncclient\4.1.1\dd624f5a0ff43eb5cdf828d9739d3177ee00a5a9\httpasyncclient-4.1.1.jar;C:\Users\krish\.gradle\caches\modules-2\files-2.1\org.apache.httpcomponents\httpclient\4.5.2\733db77aa8d9b2d68015189df76ab06304406e50\httpclient-4.5.2.jar;C:\Users\krish\.gradle\caches\modules-2\files-2.1\org.apache.httpcomponents\httpcore-nio\4.4.4\16badfc2d99db264c486ba8c57ae577301a58bd9\httpcore-nio-4.4.4.jar;C:\Users\krish\.gradle\caches\modules-2\files-2.1\org.apache.httpcomponents\httpcore\4.4.4\b31526a230871f
Launcher Type: SUN_STANDARD

Environment Variables:
JAVA_HOME=C:\Program Files\Java\jdk1.8.0_77
_JAVA_OPTIONS=-Xmx512M
PATH=C:/Program Files/Java/jre1.8.0_101/bin/server;C:/Program Files/Java/jre1.8.0_101/bin;C:/Program Files/Java/jre1.8.0_101/lib/amd64;C:\ProgramData\Oracle\Java\javapath;C:\Program Files (x86)\Intel\iCLS Client\;C:\Program Files\Intel\iCLS Client\;C:\Windows\system32;C:\Windows;C:\Windows\System32\Wbem;C:\Windows\System32\WindowsPowerShell\v1.0\;C:\Program Files (x86)\Intel\Intel(R) Management Engine Components\DAL;C:\Program Files\Intel\Intel(R) Management Engine Components\DAL;C:\Program Files (x86)\Intel\Intel(R) Management Engine Components\IPT;C:\Program Files\Intel\Intel(R) Management Engine Components\IPT;C:\Program Files (x86)\NVIDIA Corporation\PhysX\Common;C:\WINDOWS\system32;C:\WINDOWS;C:\WINDOWS\System32\Wbem;C:\WINDOWS\System32\WindowsPowerShell\v1.0\;C:\Program Files (x86)\Skype\Phone\;GRADLE_HOME\bin;C:\Program Files\gradle-2.12\bin;C:\Program Files\MongoDB\Server\3.2\bin;C:\Program Files\Java\jdk1.8.0_77\bin;C:\Program Files (x86)\mingw-w64\i686-5.3.0-posix-dwarf-rt_v4-rev0\mingw32\bin;C:\Program Files\elasticsearch-2.3.2\bin;C:\Program Files\kibana-4.5.0-windows\bin;C:\Users\krish\AppData\Roaming\Microsoft\Windows\Start Menu\Programs\;C:\Program Files\Intel\WiFi\bin\;C:\Program Files\Common Files\Intel\WirelessCommon\;C:\Program Files (x86)\GtkSharp\2.12\bin;D:\Anaconda;D:\Anaconda\Scripts;D:\Anaconda\Library\bin;;C:\Program Files\Docker Toolbox;C:\Program Files (x86)\Nmap;C:\Users\krish\AppData\Local\Microsoft\WindowsApps;D:\eclipse;
USERNAME=krish
OS=Windows_NT
PROCESSOR_IDENTIFIER=Intel64 Family 6 Model 94 Stepping 3, GenuineIntel



---------------  S Y S T E M  ---------------

OS: Windows 10.0 , 64 bit Build 14393 (10.0.14393.0)

CPU:total 8 (4 cores per cpu, 2 threads per core) family 6 model 94 stepping 3, cmov, cx8, fxsr, mmx, sse, sse2, sse3, ssse3, sse4.1, sse4.2, popcnt, avx, avx2, aes, clmul, erms, rtm, 3dnowpref, lzcnt, ht, tsc, tscinvbit, bmi1, bmi2, adx

Memory: 4k page, physical 8258516k(3574416k free), swap 10617812k(3233720k free)

vm_info: Java HotSpot(TM) 64-Bit Server VM (25.101-b13) for windows-amd64 JRE (1.8.0_101-b13), built on Jun 22 2016 01:21:29 by "java_re" with MS VC++ 10.0 (VS2010)

time: Fri Oct 21 18:36:58 2016
elapsed time: 9748 seconds (0d 2h 42m 28s)

